{"/Users/mohamedansardeen/.gemini/antigravity-ide/scratch/community-app/application/hooks/useEventsQuery.ts": {"path":"/Users/mohamedansardeen/.gemini/antigravity-ide/scratch/community-app/application/hooks/useEventsQuery.ts","statementMap":{"0":{"start":{"line":9,"column":18},"end":{"line":9,"column":56}},"1":{"start":{"line":10,"column":27},"end":{"line":10,"column":60}},"2":{"start":{"line":11,"column":29},"end":{"line":11,"column":64}},"3":{"start":{"line":12,"column":25},"end":{"line":12,"column":56}},"4":{"start":{"line":14,"column":33},"end":{"line":20,"column":1}},"5":{"start":{"line":15,"column":2},"end":{"line":19,"column":5}},"6":{"start":{"line":17,"column":19},"end":{"line":17,"column":75}},"7":{"start":{"line":22,"column":32},"end":{"line":28,"column":1}},"8":{"start":{"line":23,"column":2},"end":{"line":27,"column":5}},"9":{"start":{"line":25,"column":19},"end":{"line":25,"column":47}},"10":{"start":{"line":30,"column":30},"end":{"line":36,"column":1}},"11":{"start":{"line":31,"column":2},"end":{"line":35,"column":5}},"12":{"start":{"line":33,"column":19},"end":{"line":33,"column":45}},"13":{"start":{"line":38,"column":28},"end":{"line":44,"column":1}},"14":{"start":{"line":39,"column":2},"end":{"line":43,"column":5}},"15":{"start":{"line":41,"column":19},"end":{"line":41,"column":49}},"16":{"start":{"line":46,"column":38},"end":{"line":56,"column":1}},"17":{"start":{"line":47,"column":22},"end":{"line":47,"column":38}},"18":{"start":{"line":48,"column":2},"end":{"line":55,"column":5}},"19":{"start":{"line":50,"column":6},"end":{"line":50,"column":49}},"20":{"start":{"line":52,"column":6},"end":{"line":52,"column":70}},"21":{"start":{"line":53,"column":6},"end":{"line":53,"column":69}},"22":{"start":{"line":58,"column":40},"end":{"line":77,"column":1}},"23":{"start":{"line":59,"column":22},"end":{"line":59,"column":38}},"24":{"start":{"line":60,"column":2},"end":{"line":76,"column":5}},"25":{"start":{"line":71,"column":10},"end":{"line":71,"column":83}},"26":{"start":{"line":73,"column":6},"end":{"line":73,"column":70}},"27":{"start":{"line":74,"column":6},"end":{"line":74,"column":69}},"28":{"start":{"line":79,"column":31},"end":{"line":111,"column":1}},"29":{"start":{"line":80,"column":22},"end":{"line":80,"column":38}},"30":{"start":{"line":81,"column":2},"end":{"line":110,"column":5}},"31":{"start":{"line":90,"column":10},"end":{"line":90,"column":59}},"32":{"start":{"line":92,"column":6},"end":{"line":92,"column":75}},"33":{"start":{"line":93,"column":28},"end":{"line":93,"column":75}},"34":{"start":{"line":94,"column":6},"end":{"line":97,"column":10}},"35":{"start":{"line":94,"column":111},"end":{"line":97,"column":7}},"36":{"start":{"line":98,"column":6},"end":{"line":98,"column":31}},"37":{"start":{"line":101,"column":6},"end":{"line":103,"column":7}},"38":{"start":{"line":102,"column":8},"end":{"line":102,"column":79}},"39":{"start":{"line":106,"column":6},"end":{"line":106,"column":73}},"40":{"start":{"line":107,"column":6},"end":{"line":107,"column":70}},"41":{"start":{"line":108,"column":6},"end":{"line":108,"column":70}}},"fnMap":{"0":{"name":"(anonymous_0)","decl":{"start":{"line":14,"column":33},"end":{"line":14,"column":34}},"loc":{"start":{"line":14,"column":84},"end":{"line":20,"column":1}},"line":14},"1":{"name":"(anonymous_1)","decl":{"start":{"line":17,"column":13},"end":{"line":17,"column":14}},"loc":{"start":{"line":17,"column":19},"end":{"line":17,"column":75}},"line":17},"2":{"name":"(anonymous_2)","decl":{"start":{"line":22,"column":32},"end":{"line":22,"column":33}},"loc":{"start":{"line":22,"column":38},"end":{"line":28,"column":1}},"line":22},"3":{"name":"(anonymous_3)","decl":{"start":{"line":25,"column":13},"end":{"line":25,"column":14}},"loc":{"start":{"line":25,"column":19},"end":{"line":25,"column":47}},"line":25},"4":{"name":"(anonymous_4)","decl":{"start":{"line":30,"column":30},"end":{"line":30,"column":31}},"loc":{"start":{"line":30,"column":46},"end":{"line":36,"column":1}},"line":30},"5":{"name":"(anonymous_5)","decl":{"start":{"line":33,"column":13},"end":{"line":33,"column":14}},"loc":{"start":{"line":33,"column":19},"end":{"line":33,"column":45}},"line":33},"6":{"name":"(anonymous_6)","decl":{"start":{"line":38,"column":28},"end":{"line":38,"column":29}},"loc":{"start":{"line":38,"column":48},"end":{"line":44,"column":1}},"line":38},"7":{"name":"(anonymous_7)","decl":{"start":{"line":41,"column":13},"end":{"line":41,"column":14}},"loc":{"start":{"line":41,"column":19},"end":{"line":41,"column":49}},"line":41},"8":{"name":"(anonymous_8)","decl":{"start":{"line":46,"column":38},"end":{"line":46,"column":39}},"loc":{"start":{"line":46,"column":44},"end":{"line":56,"column":1}},"line":46},"9":{"name":"(anonymous_9)","decl":{"start":{"line":49,"column":16},"end":{"line":49,"column":17}},"loc":{"start":{"line":50,"column":6},"end":{"line":50,"column":49}},"line":50},"10":{"name":"(anonymous_10)","decl":{"start":{"line":51,"column":15},"end":{"line":51,"column":16}},"loc":{"start":{"line":51,"column":21},"end":{"line":54,"column":5}},"line":51},"11":{"name":"(anonymous_11)","decl":{"start":{"line":58,"column":40},"end":{"line":58,"column":41}},"loc":{"start":{"line":58,"column":46},"end":{"line":77,"column":1}},"line":58},"12":{"name":"(anonymous_12)","decl":{"start":{"line":61,"column":16},"end":{"line":61,"column":17}},"loc":{"start":{"line":71,"column":10},"end":{"line":71,"column":83}},"line":71},"13":{"name":"(anonymous_13)","decl":{"start":{"line":72,"column":15},"end":{"line":72,"column":16}},"loc":{"start":{"line":72,"column":21},"end":{"line":75,"column":5}},"line":72},"14":{"name":"(anonymous_14)","decl":{"start":{"line":79,"column":31},"end":{"line":79,"column":32}},"loc":{"start":{"line":79,"column":37},"end":{"line":111,"column":1}},"line":79},"15":{"name":"(anonymous_15)","decl":{"start":{"line":82,"column":16},"end":{"line":82,"column":17}},"loc":{"start":{"line":90,"column":10},"end":{"line":90,"column":59}},"line":90},"16":{"name":"(anonymous_16)","decl":{"start":{"line":91,"column":14},"end":{"line":91,"column":15}},"loc":{"start":{"line":91,"column":53},"end":{"line":99,"column":5}},"line":91},"17":{"name":"(anonymous_17)","decl":{"start":{"line":94,"column":54},"end":{"line":94,"column":55}},"loc":{"start":{"line":94,"column":111},"end":{"line":97,"column":7}},"line":94},"18":{"name":"(anonymous_18)","decl":{"start":{"line":100,"column":13},"end":{"line":100,"column":14}},"loc":{"start":{"line":100,"column":44},"end":{"line":104,"column":5}},"line":100},"19":{"name":"(anonymous_19)","decl":{"start":{"line":105,"column":15},"end":{"line":105,"column":16}},"loc":{"start":{"line":105,"column":55},"end":{"line":109,"column":5}},"line":105}},"branchMap":{"0":{"loc":{"start":{"line":94,"column":55},"end":{"line":94,"column":105}},"type":"default-arg","locations":[{"start":{"line":94,"column":103},"end":{"line":94,"column":105}}],"line":94},"1":{"loc":{"start":{"line":101,"column":6},"end":{"line":103,"column":7}},"type":"if","locations":[{"start":{"line":101,"column":6},"end":{"line":103,"column":7}},{"start":{},"end":{}}],"line":101}},"s":{"0":1,"1":1,"2":1,"3":1,"4":1,"5":2,"6":1,"7":1,"8":2,"9":1,"10":1,"11":2,"12":1,"13":1,"14":0,"15":0,"16":1,"17":0,"18":0,"19":0,"20":0,"21":0,"22":1,"23":0,"24":0,"25":0,"26":0,"27":0,"28":1,"29":0,"30":0,"31":0,"32":0,"33":0,"34":0,"35":0,"36":0,"37":0,"38":0,"39":0,"40":0,"41":0},"f":{"0":2,"1":1,"2":2,"3":1,"4":2,"5":1,"6":0,"7":0,"8":0,"9":0,"10":0,"11":0,"12":0,"13":0,"14":0,"15":0,"16":0,"17":0,"18":0,"19":0},"b":{"0":[0],"1":[0,0]},"_coverageSchema":"1a1c01bbd47fc00a2c39e90264f33305004495a9","hash":"964a7e0b236288b77cf6ec20e69dbfe87b080556"}
,"/Users/mohamedansardeen/.gemini/antigravity-ide/scratch/community-app/application/hooks/useNetworkGuard.ts": {"path":"/Users/mohamedansardeen/.gemini/antigravity-ide/scratch/community-app/application/hooks/useNetworkGuard.ts","statementMap":{"0":{"start":{"line":5,"column":31},"end":{"line":36,"column":1}},"1":{"start":{"line":6,"column":40},"end":{"line":6,"column":63}},"2":{"start":{"line":8,"column":2},"end":{"line":25,"column":9}},"3":{"start":{"line":9,"column":4},"end":{"line":19,"column":5}},"4":{"start":{"line":10,"column":27},"end":{"line":10,"column":53}},"5":{"start":{"line":10,"column":33},"end":{"line":10,"column":53}},"6":{"start":{"line":11,"column":28},"end":{"line":11,"column":55}},"7":{"start":{"line":11,"column":34},"end":{"line":11,"column":55}},"8":{"start":{"line":12,"column":6},"end":{"line":12,"column":54}},"9":{"start":{"line":13,"column":6},"end":{"line":13,"column":56}},"10":{"start":{"line":14,"column":6},"end":{"line":14,"column":39}},"11":{"start":{"line":15,"column":6},"end":{"line":18,"column":8}},"12":{"start":{"line":16,"column":8},"end":{"line":16,"column":59}},"13":{"start":{"line":17,"column":8},"end":{"line":17,"column":61}},"14":{"start":{"line":21,"column":24},"end":{"line":23,"column":6}},"15":{"start":{"line":22,"column":6},"end":{"line":22,"column":48}},"16":{"start":{"line":24,"column":4},"end":{"line":24,"column":31}},"17":{"start":{"line":24,"column":17},"end":{"line":24,"column":30}},"18":{"start":{"line":27,"column":26},"end":{"line":33,"column":3}},"19":{"start":{"line":28,"column":4},"end":{"line":31,"column":5}},"20":{"start":{"line":29,"column":6},"end":{"line":29,"column":110}},"21":{"start":{"line":30,"column":6},"end":{"line":30,"column":19}},"22":{"start":{"line":32,"column":4},"end":{"line":32,"column":16}},"23":{"start":{"line":35,"column":2},"end":{"line":35,"column":42}}},"fnMap":{"0":{"name":"(anonymous_0)","decl":{"start":{"line":5,"column":31},"end":{"line":5,"column":32}},"loc":{"start":{"line":5,"column":37},"end":{"line":36,"column":1}},"line":5},"1":{"name":"(anonymous_1)","decl":{"start":{"line":8,"column":12},"end":{"line":8,"column":13}},"loc":{"start":{"line":8,"column":18},"end":{"line":25,"column":3}},"line":8},"2":{"name":"(anonymous_2)","decl":{"start":{"line":10,"column":27},"end":{"line":10,"column":28}},"loc":{"start":{"line":10,"column":33},"end":{"line":10,"column":53}},"line":10},"3":{"name":"(anonymous_3)","decl":{"start":{"line":11,"column":28},"end":{"line":11,"column":29}},"loc":{"start":{"line":11,"column":34},"end":{"line":11,"column":55}},"line":11},"4":{"name":"(anonymous_4)","decl":{"start":{"line":15,"column":13},"end":{"line":15,"column":14}},"loc":{"start":{"line":15,"column":19},"end":{"line":18,"column":7}},"line":15},"5":{"name":"(anonymous_5)","decl":{"start":{"line":21,"column":49},"end":{"line":21,"column":50}},"loc":{"start":{"line":21,"column":60},"end":{"line":23,"column":5}},"line":21},"6":{"name":"(anonymous_6)","decl":{"start":{"line":24,"column":11},"end":{"line":24,"column":12}},"loc":{"start":{"line":24,"column":17},"end":{"line":24,"column":30}},"line":24},"7":{"name":"(anonymous_7)","decl":{"start":{"line":27,"column":26},"end":{"line":27,"column":27}},"loc":{"start":{"line":27,"column":59},"end":{"line":33,"column":3}},"line":27}},"branchMap":{"0":{"loc":{"start":{"line":9,"column":4},"end":{"line":19,"column":5}},"type":"if","locations":[{"start":{"line":9,"column":4},"end":{"line":19,"column":5}},{"start":{},"end":{}}],"line":9},"1":{"loc":{"start":{"line":22,"column":21},"end":{"line":22,"column":46}},"type":"binary-expr","locations":[{"start":{"line":22,"column":21},"end":{"line":22,"column":38}},{"start":{"line":22,"column":42},"end":{"line":22,"column":46}}],"line":22},"2":{"loc":{"start":{"line":28,"column":4},"end":{"line":31,"column":5}},"type":"if","locations":[{"start":{"line":28,"column":4},"end":{"line":31,"column":5}},{"start":{},"end":{}}],"line":28}},"s":{"0":0,"1":0,"2":0,"3":0,"4":0,"5":0,"6":0,"7":0,"8":0,"9":0,"10":0,"11":0,"12":0,"13":0,"14":0,"15":0,"16":0,"17":0,"18":0,"19":0,"20":0,"21":0,"22":0,"23":0},"f":{"0":0,"1":0,"2":0,"3":0,"4":0,"5":0,"6":0,"7":0},"b":{"0":[0,0],"1":[0,0],"2":[0,0]}}
,"/Users/mohamedansardeen/.gemini/antigravity-ide/scratch/community-app/application/hooks/useRoleGuard.ts": {"path":"/Users/mohamedansardeen/.gemini/antigravity-ide/scratch/community-app/application/hooks/useRoleGuard.ts","statementMap":{"0":{"start":{"line":4,"column":28},"end":{"line":18,"column":1}},"1":{"start":{"line":5,"column":15},"end":{"line":5,"column":50}},"2":{"start":{"line":5,"column":39},"end":{"line":5,"column":49}},"3":{"start":{"line":7,"column":20},"end":{"line":9,"column":3}},"4":{"start":{"line":8,"column":4},"end":{"line":8,"column":50}},"5":{"start":{"line":11,"column":2},"end":{"line":17,"column":4}}},"fnMap":{"0":{"name":"(anonymous_0)","decl":{"start":{"line":4,"column":28},"end":{"line":4,"column":29}},"loc":{"start":{"line":4,"column":34},"end":{"line":18,"column":1}},"line":4},"1":{"name":"(anonymous_1)","decl":{"start":{"line":5,"column":28},"end":{"line":5,"column":29}},"loc":{"start":{"line":5,"column":39},"end":{"line":5,"column":49}},"line":5},"2":{"name":"(anonymous_2)","decl":{"start":{"line":7,"column":20},"end":{"line":7,"column":21}},"loc":{"start":{"line":7,"column":57},"end":{"line":9,"column":3}},"line":7}},"branchMap":{},"s":{"0":1,"1":3,"2":3,"3":3,"4":12,"5":3},"f":{"0":3,"1":3,"2":12},"b":{},"_coverageSchema":"1a1c01bbd47fc00a2c39e90264f33305004495a9","hash":"07118b83d3adeebebaaf46e66fb4d1ca0588053d"}
,"/Users/mohamedansardeen/.gemini/antigravity-ide/scratch/community-app/application/stores/useAuthStore.ts": {"path":"/Users/mohamedansardeen/.gemini/antigravity-ide/scratch/community-app/application/stores/useAuthStore.ts","statementMap":{"0":{"start":{"line":10,"column":32},"end":{"line":16,"column":1}},"1":{"start":{"line":18,"column":28},"end":{"line":25,"column":3}},"2":{"start":{"line":18,"column":56},"end":{"line":25,"column":1}},"3":{"start":{"line":21,"column":4},"end":{"line":23,"column":7}},"4":{"start":{"line":21,"column":20},"end":{"line":23,"column":5}},"5":{"start":{"line":24,"column":27},"end":{"line":24,"column":40}}},"fnMap":{"0":{"name":"(anonymous_0)","decl":{"start":{"line":18,"column":46},"end":{"line":18,"column":47}},"loc":{"start":{"line":18,"column":56},"end":{"line":25,"column":1}},"line":18},"1":{"name":"(anonymous_1)","decl":{"start":{"line":20,"column":11},"end":{"line":20,"column":12}},"loc":{"start":{"line":21,"column":4},"end":{"line":23,"column":7}},"line":21},"2":{"name":"(anonymous_2)","decl":{"start":{"line":21,"column":8},"end":{"line":21,"column":9}},"loc":{"start":{"line":21,"column":20},"end":{"line":23,"column":5}},"line":21},"3":{"name":"(anonymous_3)","decl":{"start":{"line":24,"column":11},"end":{"line":24,"column":12}},"loc":{"start":{"line":24,"column":27},"end":{"line":24,"column":40}},"line":24}},"branchMap":{},"s":{"0":1,"1":1,"2":1,"3":5,"4":5,"5":1},"f":{"0":1,"1":5,"2":5,"3":1},"b":{},"_coverageSchema":"1a1c01bbd47fc00a2c39e90264f33305004495a9","hash":"e082eabd4f0fca7e2dac4f99a29a7a5f5034119b"}
,"/Users/mohamedansardeen/.gemini/antigravity-ide/scratch/community-app/application/stores/useFilterStore.ts": {"path":"/Users/mohamedansardeen/.gemini/antigravity-ide/scratch/community-app/application/stores/useFilterStore.ts","statementMap":{"0":{"start":{"line":10,"column":30},"end":{"line":15,"column":3}},"1":{"start":{"line":10,"column":60},"end":{"line":15,"column":1}},"2":{"start":{"line":13,"column":37},"end":{"line":13,"column":54}},"3":{"start":{"line":14,"column":43},"end":{"line":14,"column":63}}},"fnMap":{"0":{"name":"(anonymous_0)","decl":{"start":{"line":10,"column":50},"end":{"line":10,"column":51}},"loc":{"start":{"line":10,"column":60},"end":{"line":15,"column":1}},"line":10},"1":{"name":"(anonymous_1)","decl":{"start":{"line":13,"column":15},"end":{"line":13,"column":16}},"loc":{"start":{"line":13,"column":37},"end":{"line":13,"column":54}},"line":13},"2":{"name":"(anonymous_2)","decl":{"start":{"line":14,"column":18},"end":{"line":14,"column":19}},"loc":{"start":{"line":14,"column":43},"end":{"line":14,"column":63}},"line":14}},"branchMap":{},"s":{"0":1,"1":1,"2":1,"3":1},"f":{"0":1,"1":1,"2":1},"b":{},"_coverageSchema":"1a1c01bbd47fc00a2c39e90264f33305004495a9","hash":"160cd3b3e4a2374d7b903193fec99191dbee41fd"}
,"/Users/mohamedansardeen/.gemini/antigravity-ide/scratch/community-app/components/EventImage.tsx": {"path":"/Users/mohamedansardeen/.gemini/antigravity-ide/scratch/community-app/components/EventImage.tsx","statementMap":{"0":{"start":{"line":12,"column":28},"end":{"line":12,"column":122}},"1":{"start":{"line":14,"column":53},"end":{"line":32,"column":1}},"2":{"start":{"line":19,"column":22},"end":{"line":19,"column":48}},"3":{"start":{"line":21,"column":2},"end":{"line":31,"column":4}},"4":{"start":{"line":34,"column":15},"end":{"line":41,"column":2}}},"fnMap":{"0":{"name":"(anonymous_0)","decl":{"start":{"line":14,"column":53},"end":{"line":14,"column":54}},"loc":{"start":{"line":18,"column":6},"end":{"line":32,"column":1}},"line":18}},"branchMap":{"0":{"loc":{"start":{"line":16,"column":2},"end":{"line":16,"column":14}},"type":"default-arg","locations":[{"start":{"line":16,"column":11},"end":{"line":16,"column":14}}],"line":16},"1":{"loc":{"start":{"line":17,"column":2},"end":{"line":17,"column":43}},"type":"default-arg","locations":[{"start":{"line":17,"column":17},"end":{"line":17,"column":43}}],"line":17},"2":{"loc":{"start":{"line":19,"column":22},"end":{"line":19,"column":48}},"type":"binary-expr","locations":[{"start":{"line":19,"column":22},"end":{"line":19,"column":25}},{"start":{"line":19,"column":29},"end":{"line":19,"column":48}}],"line":19}},"s":{"0":1,"1":1,"2":2,"3":2,"4":1},"f":{"0":2},"b":{"0":[1],"1":[2],"2":[2,1]},"_coverageSchema":"1a1c01bbd47fc00a2c39e90264f33305004495a9","hash":"d80bd34c55c5658dc7c45978ba406fa842dc3021"}
,"/Users/mohamedansardeen/.gemini/antigravity-ide/scratch/community-app/components/EventList.tsx": {"path":"/Users/mohamedansardeen/.gemini/antigravity-ide/scratch/community-app/components/EventList.tsx","statementMap":{"0":{"start":{"line":23,"column":51},"end":{"line":241,"column":1}},"1":{"start":{"line":33,"column":20},"end":{"line":33,"column":30}},"2":{"start":{"line":35,"column":26},"end":{"line":213,"column":3}},"3":{"start":{"line":36,"column":27},"end":{"line":36,"column":45}},"4":{"start":{"line":37,"column":23},"end":{"line":37,"column":49}},"5":{"start":{"line":39,"column":4},"end":{"line":212,"column":6}},"6":{"start":{"line":41,"column":23},"end":{"line":41,"column":42}},"7":{"start":{"line":119,"column":36},"end":{"line":122,"column":13}},"8":{"start":{"line":124,"column":14},"end":{"line":124,"column":34}},"9":{"start":{"line":125,"column":14},"end":{"line":125,"column":57}},"10":{"start":{"line":138,"column":40},"end":{"line":144,"column":17}},"11":{"start":{"line":146,"column":18},"end":{"line":146,"column":38}},"12":{"start":{"line":147,"column":18},"end":{"line":147,"column":47}},"13":{"start":{"line":160,"column":40},"end":{"line":166,"column":17}},"14":{"start":{"line":168,"column":18},"end":{"line":168,"column":38}},"15":{"start":{"line":169,"column":18},"end":{"line":169,"column":46}},"16":{"start":{"line":187,"column":40},"end":{"line":187,"column":88}},"17":{"start":{"line":189,"column":18},"end":{"line":189,"column":38}},"18":{"start":{"line":190,"column":18},"end":{"line":190,"column":50}},"19":{"start":{"line":198,"column":40},"end":{"line":198,"column":87}},"20":{"start":{"line":200,"column":18},"end":{"line":200,"column":38}},"21":{"start":{"line":201,"column":18},"end":{"line":201,"column":50}},"22":{"start":{"line":215,"column":2},"end":{"line":226,"column":3}},"23":{"start":{"line":216,"column":4},"end":{"line":225,"column":6}},"24":{"start":{"line":228,"column":2},"end":{"line":240,"column":4}},"25":{"start":{"line":243,"column":15},"end":{"line":340,"column":2}}},"fnMap":{"0":{"name":"(anonymous_0)","decl":{"start":{"line":23,"column":51},"end":{"line":23,"column":52}},"loc":{"start":{"line":32,"column":6},"end":{"line":241,"column":1}},"line":32},"1":{"name":"(anonymous_1)","decl":{"start":{"line":35,"column":26},"end":{"line":35,"column":27}},"loc":{"start":{"line":35,"column":66},"end":{"line":213,"column":3}},"line":35},"2":{"name":"(anonymous_2)","decl":{"start":{"line":41,"column":17},"end":{"line":41,"column":18}},"loc":{"start":{"line":41,"column":23},"end":{"line":41,"column":42}},"line":41},"3":{"name":"(anonymous_3)","decl":{"start":{"line":119,"column":19},"end":{"line":119,"column":20}},"loc":{"start":{"line":119,"column":36},"end":{"line":122,"column":13}},"line":119},"4":{"name":"(anonymous_4)","decl":{"start":{"line":123,"column":21},"end":{"line":123,"column":22}},"loc":{"start":{"line":123,"column":28},"end":{"line":126,"column":13}},"line":123},"5":{"name":"(anonymous_5)","decl":{"start":{"line":138,"column":23},"end":{"line":138,"column":24}},"loc":{"start":{"line":138,"column":40},"end":{"line":144,"column":17}},"line":138},"6":{"name":"(anonymous_6)","decl":{"start":{"line":145,"column":25},"end":{"line":145,"column":26}},"loc":{"start":{"line":145,"column":32},"end":{"line":148,"column":17}},"line":145},"7":{"name":"(anonymous_7)","decl":{"start":{"line":160,"column":23},"end":{"line":160,"column":24}},"loc":{"start":{"line":160,"column":40},"end":{"line":166,"column":17}},"line":160},"8":{"name":"(anonymous_8)","decl":{"start":{"line":167,"column":25},"end":{"line":167,"column":26}},"loc":{"start":{"line":167,"column":32},"end":{"line":170,"column":17}},"line":167},"9":{"name":"(anonymous_9)","decl":{"start":{"line":187,"column":23},"end":{"line":187,"column":24}},"loc":{"start":{"line":187,"column":40},"end":{"line":187,"column":88}},"line":187},"10":{"name":"(anonymous_10)","decl":{"start":{"line":188,"column":25},"end":{"line":188,"column":26}},"loc":{"start":{"line":188,"column":32},"end":{"line":191,"column":17}},"line":188},"11":{"name":"(anonymous_11)","decl":{"start":{"line":198,"column":23},"end":{"line":198,"column":24}},"loc":{"start":{"line":198,"column":40},"end":{"line":198,"column":87}},"line":198},"12":{"name":"(anonymous_12)","decl":{"start":{"line":199,"column":25},"end":{"line":199,"column":26}},"loc":{"start":{"line":199,"column":32},"end":{"line":202,"column":17}},"line":199}},"branchMap":{"0":{"loc":{"start":{"line":25,"column":2},"end":{"line":25,"column":20}},"type":"default-arg","locations":[{"start":{"line":25,"column":15},"end":{"line":25,"column":20}}],"line":25},"1":{"loc":{"start":{"line":28,"column":2},"end":{"line":28,"column":16}},"type":"default-arg","locations":[{"start":{"line":28,"column":14},"end":{"line":28,"column":16}}],"line":28},"2":{"loc":{"start":{"line":30,"column":2},"end":{"line":30,"column":32}},"type":"default-arg","locations":[{"start":{"line":30,"column":27},"end":{"line":30,"column":32}}],"line":30},"3":{"loc":{"start":{"line":43,"column":10},"end":{"line":47,"column":38}},"type":"cond-expr","locations":[{"start":{"line":44,"column":14},"end":{"line":44,"column":38}},{"start":{"line":45,"column":14},"end":{"line":47,"column":38}}],"line":43},"4":{"loc":{"start":{"line":45,"column":14},"end":{"line":47,"column":38}},"type":"cond-expr","locations":[{"start":{"line":46,"column":14},"end":{"line":46,"column":38}},{"start":{"line":47,"column":14},"end":{"line":47,"column":38}}],"line":45},"5":{"loc":{"start":{"line":55,"column":33},"end":{"line":55,"column":99}},"type":"cond-expr","locations":[{"start":{"line":55,"column":48},"end":{"line":55,"column":75}},{"start":{"line":55,"column":78},"end":{"line":55,"column":99}}],"line":55},"6":{"loc":{"start":{"line":59,"column":15},"end":{"line":59,"column":121}},"type":"cond-expr","locations":[{"start":{"line":59,"column":46},"end":{"line":59,"column":59}},{"start":{"line":59,"column":62},"end":{"line":59,"column":121}}],"line":59},"7":{"loc":{"start":{"line":59,"column":62},"end":{"line":59,"column":121}},"type":"cond-expr","locations":[{"start":{"line":59,"column":93},"end":{"line":59,"column":106}},{"start":{"line":59,"column":109},"end":{"line":59,"column":121}}],"line":59},"8":{"loc":{"start":{"line":62,"column":11},"end":{"line":79,"column":11}},"type":"binary-expr","locations":[{"start":{"line":62,"column":11},"end":{"line":62,"column":37}},{"start":{"line":63,"column":12},"end":{"line":78,"column":19}}],"line":62},"9":{"loc":{"start":{"line":66,"column":16},"end":{"line":68,"column":67}},"type":"cond-expr","locations":[{"start":{"line":67,"column":20},"end":{"line":67,"column":66}},{"start":{"line":68,"column":20},"end":{"line":68,"column":67}}],"line":66},"10":{"loc":{"start":{"line":74,"column":32},"end":{"line":74,"column":109}},"type":"cond-expr","locations":[{"start":{"line":74,"column":60},"end":{"line":74,"column":83}},{"start":{"line":74,"column":86},"end":{"line":74,"column":109}}],"line":74},"11":{"loc":{"start":{"line":121,"column":14},"end":{"line":121,"column":42}},"type":"binary-expr","locations":[{"start":{"line":121,"column":14},"end":{"line":121,"column":21}},{"start":{"line":121,"column":25},"end":{"line":121,"column":42}}],"line":121},"12":{"loc":{"start":{"line":135,"column":11},"end":{"line":181,"column":11}},"type":"binary-expr","locations":[{"start":{"line":135,"column":11},"end":{"line":135,"column":21}},{"start":{"line":135,"column":25},"end":{"line":135,"column":31}},{"start":{"line":136,"column":12},"end":{"line":180,"column":19}}],"line":135},"13":{"loc":{"start":{"line":140,"column":18},"end":{"line":142,"column":102}},"type":"cond-expr","locations":[{"start":{"line":141,"column":22},"end":{"line":141,"column":104}},{"start":{"line":142,"column":22},"end":{"line":142,"column":102}}],"line":140},"14":{"loc":{"start":{"line":143,"column":18},"end":{"line":143,"column":45}},"type":"binary-expr","locations":[{"start":{"line":143,"column":18},"end":{"line":143,"column":25}},{"start":{"line":143,"column":29},"end":{"line":143,"column":45}}],"line":143},"15":{"loc":{"start":{"line":152,"column":25},"end":{"line":152,"column":104}},"type":"cond-expr","locations":[{"start":{"line":152,"column":58},"end":{"line":152,"column":79}},{"start":{"line":152,"column":82},"end":{"line":152,"column":104}}],"line":152},"16":{"loc":{"start":{"line":162,"column":18},"end":{"line":164,"column":102}},"type":"cond-expr","locations":[{"start":{"line":163,"column":22},"end":{"line":163,"column":107}},{"start":{"line":164,"column":22},"end":{"line":164,"column":102}}],"line":162},"17":{"loc":{"start":{"line":165,"column":18},"end":{"line":165,"column":45}},"type":"binary-expr","locations":[{"start":{"line":165,"column":18},"end":{"line":165,"column":25}},{"start":{"line":165,"column":29},"end":{"line":165,"column":45}}],"line":165},"18":{"loc":{"start":{"line":174,"column":25},"end":{"line":174,"column":105}},"type":"cond-expr","locations":[{"start":{"line":174,"column":57},"end":{"line":174,"column":80}},{"start":{"line":174,"column":83},"end":{"line":174,"column":105}}],"line":174},"19":{"loc":{"start":{"line":184,"column":11},"end":{"line":209,"column":11}},"type":"binary-expr","locations":[{"start":{"line":184,"column":11},"end":{"line":184,"column":33}},{"start":{"line":184,"column":37},"end":{"line":184,"column":47}},{"start":{"line":184,"column":51},"end":{"line":184,"column":76}},{"start":{"line":185,"column":12},"end":{"line":208,"column":19}}],"line":184},"20":{"loc":{"start":{"line":187,"column":60},"end":{"line":187,"column":87}},"type":"binary-expr","locations":[{"start":{"line":187,"column":60},"end":{"line":187,"column":67}},{"start":{"line":187,"column":71},"end":{"line":187,"column":87}}],"line":187},"21":{"loc":{"start":{"line":198,"column":59},"end":{"line":198,"column":86}},"type":"binary-expr","locations":[{"start":{"line":198,"column":59},"end":{"line":198,"column":66}},{"start":{"line":198,"column":70},"end":{"line":198,"column":86}}],"line":198},"22":{"loc":{"start":{"line":215,"column":2},"end":{"line":226,"column":3}},"type":"if","locations":[{"start":{"line":215,"column":2},"end":{"line":226,"column":3}},{"start":{},"end":{}}],"line":215},"23":{"loc":{"start":{"line":234,"column":8},"end":{"line":236,"column":21}},"type":"cond-expr","locations":[{"start":{"line":235,"column":10},"end":{"line":235,"column":110}},{"start":{"line":236,"column":12},"end":{"line":236,"column":21}}],"line":234}},"s":{"0":0,"1":0,"2":0,"3":0,"4":0,"5":0,"6":0,"7":0,"8":0,"9":0,"10":0,"11":0,"12":0,"13":0,"14":0,"15":0,"16":0,"17":0,"18":0,"19":0,"20":0,"21":0,"22":0,"23":0,"24":0,"25":0},"f":{"0":0,"1":0,"2":0,"3":0,"4":0,"5":0,"6":0,"7":0,"8":0,"9":0,"10":0,"11":0,"12":0},"b":{"0":[0],"1":[0],"2":[0],"3":[0,0],"4":[0,0],"5":[0,0],"6":[0,0],"7":[0,0],"8":[0,0],"9":[0,0],"10":[0,0],"11":[0,0],"12":[0,0,0],"13":[0,0],"14":[0,0],"15":[0,0],"16":[0,0],"17":[0,0],"18":[0,0],"19":[0,0,0,0],"20":[0,0],"21":[0,0],"22":[0,0],"23":[0,0]}}
,"/Users/mohamedansardeen/.gemini/antigravity-ide/scratch/community-app/components/FluidAuroraBackground.tsx": {"path":"/Users/mohamedansardeen/.gemini/antigravity-ide/scratch/community-app/components/FluidAuroraBackground.tsx","statementMap":{"0":{"start":{"line":6,"column":26},"end":{"line":6,"column":50}},"1":{"start":{"line":8,"column":78},"end":{"line":74,"column":1}},"2":{"start":{"line":9,"column":20},"end":{"line":9,"column":30}},"3":{"start":{"line":11,"column":2},"end":{"line":73,"column":4}},"4":{"start":{"line":76,"column":15},"end":{"line":87,"column":2}}},"fnMap":{"0":{"name":"(anonymous_0)","decl":{"start":{"line":8,"column":78},"end":{"line":8,"column":79}},"loc":{"start":{"line":8,"column":96},"end":{"line":74,"column":1}},"line":8}},"branchMap":{"0":{"loc":{"start":{"line":19,"column":10},"end":{"line":19,"column":78}},"type":"cond-expr","locations":[{"start":{"line":19,"column":25},"end":{"line":19,"column":50}},{"start":{"line":19,"column":53},"end":{"line":19,"column":78}}],"line":19},"1":{"loc":{"start":{"line":37,"column":10},"end":{"line":37,"column":78}},"type":"cond-expr","locations":[{"start":{"line":37,"column":25},"end":{"line":37,"column":49}},{"start":{"line":37,"column":52},"end":{"line":37,"column":78}}],"line":37},"2":{"loc":{"start":{"line":55,"column":10},"end":{"line":55,"column":80}},"type":"cond-expr","locations":[{"start":{"line":55,"column":25},"end":{"line":55,"column":51}},{"start":{"line":55,"column":54},"end":{"line":55,"column":80}}],"line":55}},"s":{"0":0,"1":0,"2":0,"3":0,"4":0},"f":{"0":0},"b":{"0":[0,0],"1":[0,0],"2":[0,0]}}
,"/Users/mohamedansardeen/.gemini/antigravity-ide/scratch/community-app/components/LiquidGlassCard.tsx": {"path":"/Users/mohamedansardeen/.gemini/antigravity-ide/scratch/community-app/components/LiquidGlassCard.tsx","statementMap":{"0":{"start":{"line":14,"column":63},"end":{"line":68,"column":1}},"1":{"start":{"line":21,"column":20},"end":{"line":21,"column":30}},"2":{"start":{"line":22,"column":16},"end":{"line":22,"column":37}},"3":{"start":{"line":23,"column":24},"end":{"line":23,"column":52}},"4":{"start":{"line":26,"column":4},"end":{"line":50,"column":11}},"5":{"start":{"line":53,"column":2},"end":{"line":65,"column":3}},"6":{"start":{"line":54,"column":4},"end":{"line":64,"column":6}},"7":{"start":{"line":57,"column":32},"end":{"line":60,"column":9}},"8":{"start":{"line":67,"column":2},"end":{"line":67,"column":26}},"9":{"start":{"line":70,"column":15},"end":{"line":88,"column":2}}},"fnMap":{"0":{"name":"(anonymous_0)","decl":{"start":{"line":14,"column":63},"end":{"line":14,"column":64}},"loc":{"start":{"line":20,"column":6},"end":{"line":68,"column":1}},"line":20},"1":{"name":"(anonymous_1)","decl":{"start":{"line":57,"column":15},"end":{"line":57,"column":16}},"loc":{"start":{"line":57,"column":32},"end":{"line":60,"column":9}},"line":57}},"branchMap":{"0":{"loc":{"start":{"line":23,"column":24},"end":{"line":23,"column":52}},"type":"binary-expr","locations":[{"start":{"line":23,"column":24},"end":{"line":23,"column":33}},{"start":{"line":23,"column":37},"end":{"line":23,"column":52}}],"line":23},"1":{"loc":{"start":{"line":31,"column":23},"end":{"line":31,"column":59}},"type":"binary-expr","locations":[{"start":{"line":31,"column":23},"end":{"line":31,"column":32}},{"start":{"line":31,"column":36},"end":{"line":31,"column":59}}],"line":31},"2":{"loc":{"start":{"line":33,"column":8},"end":{"line":33,"column":47}},"type":"cond-expr","locations":[{"start":{"line":33,"column":20},"end":{"line":33,"column":40}},{"start":{"line":33,"column":43},"end":{"line":33,"column":47}}],"line":33},"3":{"loc":{"start":{"line":34,"column":8},"end":{"line":38,"column":19}},"type":"binary-expr","locations":[{"start":{"line":34,"column":8},"end":{"line":34,"column":13}},{"start":{"line":35,"column":11},"end":{"line":38,"column":18}}],"line":34},"4":{"loc":{"start":{"line":42,"column":7},"end":{"line":48,"column":14}},"type":"cond-expr","locations":[{"start":{"line":43,"column":8},"end":{"line":47,"column":10}},{"start":{"line":48,"column":10},"end":{"line":48,"column":14}}],"line":42},"5":{"loc":{"start":{"line":45,"column":16},"end":{"line":45,"column":47}},"type":"cond-expr","locations":[{"start":{"line":45,"column":31},"end":{"line":45,"column":37}},{"start":{"line":45,"column":40},"end":{"line":45,"column":47}}],"line":45},"6":{"loc":{"start":{"line":53,"column":2},"end":{"line":65,"column":3}},"type":"if","locations":[{"start":{"line":53,"column":2},"end":{"line":65,"column":3}},{"start":{},"end":{}}],"line":53},"7":{"loc":{"start":{"line":59,"column":10},"end":{"line":59,"column":69}},"type":"binary-expr","locations":[{"start":{"line":59,"column":10},"end":{"line":59,"column":17}},{"start":{"line":59,"column":21},"end":{"line":59,"column":69}}],"line":59}},"s":{"0":1,"1":2,"2":2,"3":2,"4":2,"5":2,"6":1,"7":1,"8":1,"9":1},"f":{"0":2,"1":1},"b":{"0":[2,2],"1":[2,2],"2":[0,2],"3":[2,0],"4":[2,0],"5":[2,0],"6":[1,1],"7":[1,0]},"_coverageSchema":"1a1c01bbd47fc00a2c39e90264f33305004495a9","hash":"a4b94c9248326e920a5d57c3e2b6b6ea40b30357"}
,"/Users/mohamedansardeen/.gemini/antigravity-ide/scratch/community-app/components/OfflineBanner.tsx": {"path":"/Users/mohamedansardeen/.gemini/antigravity-ide/scratch/community-app/components/OfflineBanner.tsx","statementMap":{"0":{"start":{"line":8,"column":39},"end":{"line":30,"column":1}},"1":{"start":{"line":9,"column":26},"end":{"line":9,"column":43}},"2":{"start":{"line":10,"column":20},"end":{"line":10,"column":30}},"3":{"start":{"line":12,"column":2},"end":{"line":12,"column":31}},"4":{"start":{"line":12,"column":19},"end":{"line":12,"column":31}},"5":{"start":{"line":14,"column":2},"end":{"line":29,"column":4}},"6":{"start":{"line":32,"column":15},"end":{"line":48,"column":2}}},"fnMap":{"0":{"name":"(anonymous_0)","decl":{"start":{"line":8,"column":39},"end":{"line":8,"column":40}},"loc":{"start":{"line":8,"column":45},"end":{"line":30,"column":1}},"line":8}},"branchMap":{"0":{"loc":{"start":{"line":12,"column":2},"end":{"line":12,"column":31}},"type":"if","locations":[{"start":{"line":12,"column":2},"end":{"line":12,"column":31}},{"start":{},"end":{}}],"line":12},"1":{"loc":{"start":{"line":19,"column":27},"end":{"line":19,"column":95}},"type":"cond-expr","locations":[{"start":{"line":19,"column":42},"end":{"line":19,"column":67}},{"start":{"line":19,"column":70},"end":{"line":19,"column":95}}],"line":19}},"s":{"0":1,"1":2,"2":2,"3":2,"4":1,"5":1,"6":1},"f":{"0":2},"b":{"0":[1,1],"1":[1,0]},"_coverageSchema":"1a1c01bbd47fc00a2c39e90264f33305004495a9","hash":"df54fb26cb67090d2069c5bc3b261efd83712fb2"}
,"/Users/mohamedansardeen/.gemini/antigravity-ide/scratch/community-app/components/RoleBadge.tsx": {"path":"/Users/mohamedansardeen/.gemini/antigravity-ide/scratch/community-app/components/RoleBadge.tsx","statementMap":{"0":{"start":{"line":13,"column":51},"end":{"line":39,"column":1}},"1":{"start":{"line":14,"column":20},"end":{"line":14,"column":30}},"2":{"start":{"line":16,"column":16},"end":{"line":16,"column":41}},"3":{"start":{"line":17,"column":20},"end":{"line":17,"column":45}},"4":{"start":{"line":18,"column":18},"end":{"line":18,"column":39}},"5":{"start":{"line":19,"column":22},"end":{"line":19,"column":31}},"6":{"start":{"line":21,"column":2},"end":{"line":31,"column":3}},"7":{"start":{"line":22,"column":4},"end":{"line":22,"column":40}},"8":{"start":{"line":23,"column":4},"end":{"line":23,"column":44}},"9":{"start":{"line":24,"column":4},"end":{"line":24,"column":37}},"10":{"start":{"line":25,"column":4},"end":{"line":25,"column":27}},"11":{"start":{"line":26,"column":9},"end":{"line":31,"column":3}},"12":{"start":{"line":27,"column":4},"end":{"line":27,"column":41}},"13":{"start":{"line":28,"column":4},"end":{"line":28,"column":45}},"14":{"start":{"line":29,"column":4},"end":{"line":29,"column":39}},"15":{"start":{"line":30,"column":4},"end":{"line":30,"column":32}},"16":{"start":{"line":33,"column":2},"end":{"line":38,"column":4}},"17":{"start":{"line":41,"column":15},"end":{"line":56,"column":2}}},"fnMap":{"0":{"name":"(anonymous_0)","decl":{"start":{"line":13,"column":51},"end":{"line":13,"column":52}},"loc":{"start":{"line":13,"column":82},"end":{"line":39,"column":1}},"line":13}},"branchMap":{"0":{"loc":{"start":{"line":13,"column":60},"end":{"line":13,"column":75}},"type":"default-arg","locations":[{"start":{"line":13,"column":71},"end":{"line":13,"column":75}}],"line":13},"1":{"loc":{"start":{"line":21,"column":2},"end":{"line":31,"column":3}},"type":"if","locations":[{"start":{"line":21,"column":2},"end":{"line":31,"column":3}},{"start":{"line":26,"column":9},"end":{"line":31,"column":3}}],"line":21},"2":{"loc":{"start":{"line":26,"column":9},"end":{"line":31,"column":3}},"type":"if","locations":[{"start":{"line":26,"column":9},"end":{"line":31,"column":3}},{"start":{},"end":{}}],"line":26},"3":{"loc":{"start":{"line":35,"column":7},"end":{"line":35,"column":91}},"type":"binary-expr","locations":[{"start":{"line":35,"column":7},"end":{"line":35,"column":15}},{"start":{"line":35,"column":19},"end":{"line":35,"column":91}}],"line":35}},"s":{"0":1,"1":3,"2":3,"3":3,"4":3,"5":3,"6":3,"7":1,"8":1,"9":1,"10":1,"11":2,"12":1,"13":1,"14":1,"15":1,"16":3,"17":1},"f":{"0":3},"b":{"0":[3],"1":[1,2],"2":[1,1],"3":[3,3]},"_coverageSchema":"1a1c01bbd47fc00a2c39e90264f33305004495a9","hash":"e9488e3146cd6308aa38374c0446b4b44c9b789b"}
,"/Users/mohamedansardeen/.gemini/antigravity-ide/scratch/community-app/components/ThemedText.tsx": {"path":"/Users/mohamedansardeen/.gemini/antigravity-ide/scratch/community-app/components/ThemedText.tsx","statementMap":{"0":{"start":{"line":15,"column":53},"end":{"line":54,"column":1}},"1":{"start":{"line":26,"column":20},"end":{"line":26,"column":30}},"2":{"start":{"line":28,"column":18},"end":{"line":28,"column":42}},"3":{"start":{"line":29,"column":2},"end":{"line":35,"column":3}},"4":{"start":{"line":30,"column":4},"end":{"line":30,"column":22}},"5":{"start":{"line":31,"column":9},"end":{"line":35,"column":3}},"6":{"start":{"line":32,"column":4},"end":{"line":32,"column":43}},"7":{"start":{"line":33,"column":9},"end":{"line":35,"column":3}},"8":{"start":{"line":34,"column":4},"end":{"line":34,"column":39}},"9":{"start":{"line":37,"column":26},"end":{"line":37,"column":76}},"10":{"start":{"line":39,"column":2},"end":{"line":53,"column":4}},"11":{"start":{"line":56,"column":15},"end":{"line":66,"column":2}}},"fnMap":{"0":{"name":"(anonymous_0)","decl":{"start":{"line":15,"column":53},"end":{"line":15,"column":54}},"loc":{"start":{"line":25,"column":6},"end":{"line":54,"column":1}},"line":25}},"branchMap":{"0":{"loc":{"start":{"line":18,"column":2},"end":{"line":18,"column":18}},"type":"default-arg","locations":[{"start":{"line":18,"column":12},"end":{"line":18,"column":18}}],"line":18},"1":{"loc":{"start":{"line":29,"column":2},"end":{"line":35,"column":3}},"type":"if","locations":[{"start":{"line":29,"column":2},"end":{"line":35,"column":3}},{"start":{"line":31,"column":9},"end":{"line":35,"column":3}}],"line":29},"2":{"loc":{"start":{"line":31,"column":9},"end":{"line":35,"column":3}},"type":"if","locations":[{"start":{"line":31,"column":9},"end":{"line":35,"column":3}},{"start":{"line":33,"column":9},"end":{"line":35,"column":3}}],"line":31},"3":{"loc":{"start":{"line":33,"column":9},"end":{"line":35,"column":3}},"type":"if","locations":[{"start":{"line":33,"column":9},"end":{"line":35,"column":3}},{"start":{},"end":{}}],"line":33},"4":{"loc":{"start":{"line":37,"column":26},"end":{"line":37,"column":76}},"type":"binary-expr","locations":[{"start":{"line":37,"column":26},"end":{"line":37,"column":51}},{"start":{"line":37,"column":55},"end":{"line":37,"column":76}}],"line":37},"5":{"loc":{"start":{"line":45,"column":8},"end":{"line":45,"column":31}},"type":"binary-expr","locations":[{"start":{"line":45,"column":8},"end":{"line":45,"column":14}},{"start":{"line":45,"column":18},"end":{"line":45,"column":31}}],"line":45},"6":{"loc":{"start":{"line":46,"column":8},"end":{"line":46,"column":27}},"type":"binary-expr","locations":[{"start":{"line":46,"column":8},"end":{"line":46,"column":12}},{"start":{"line":46,"column":16},"end":{"line":46,"column":27}}],"line":46}},"s":{"0":1,"1":11,"2":11,"3":11,"4":1,"5":10,"6":1,"7":9,"8":1,"9":11,"10":11,"11":1},"f":{"0":11},"b":{"0":[9],"1":[1,10],"2":[1,9],"3":[1,8],"4":[11,0],"5":[11,0],"6":[11,0]},"_coverageSchema":"1a1c01bbd47fc00a2c39e90264f33305004495a9","hash":"43e8b738a4000c27bc99e564b8a7f69b0ac2bbfc"}
,"/Users/mohamedansardeen/.gemini/antigravity-ide/scratch/community-app/context/ThemeContext.tsx": {"path":"/Users/mohamedansardeen/.gemini/antigravity-ide/scratch/community-app/context/ThemeContext.tsx","statementMap":{"0":{"start":{"line":12,"column":26},"end":{"line":12,"column":52}},"1":{"start":{"line":14,"column":21},"end":{"line":14,"column":75}},"2":{"start":{"line":16,"column":70},"end":{"line":39,"column":1}},"3":{"start":{"line":17,"column":28},"end":{"line":17,"column":44}},"4":{"start":{"line":18,"column":41},"end":{"line":18,"column":68}},"5":{"start":{"line":20,"column":2},"end":{"line":25,"column":9}},"6":{"start":{"line":21,"column":22},"end":{"line":21,"column":83}},"7":{"start":{"line":22,"column":4},"end":{"line":24,"column":5}},"8":{"start":{"line":23,"column":6},"end":{"line":23,"column":35}},"9":{"start":{"line":27,"column":23},"end":{"line":30,"column":3}},"10":{"start":{"line":28,"column":4},"end":{"line":28,"column":28}},"11":{"start":{"line":29,"column":4},"end":{"line":29,"column":41}},"12":{"start":{"line":32,"column":16},"end":{"line":32,"column":57}},"13":{"start":{"line":34,"column":2},"end":{"line":38,"column":4}},"14":{"start":{"line":41,"column":24},"end":{"line":53,"column":1}},"15":{"start":{"line":42,"column":18},"end":{"line":42,"column":42}},"16":{"start":{"line":43,"column":2},"end":{"line":51,"column":3}},"17":{"start":{"line":45,"column":26},"end":{"line":45,"column":53}},"18":{"start":{"line":46,"column":4},"end":{"line":50,"column":6}},"19":{"start":{"line":52,"column":2},"end":{"line":52,"column":17}}},"fnMap":{"0":{"name":"(anonymous_0)","decl":{"start":{"line":16,"column":70},"end":{"line":16,"column":71}},"loc":{"start":{"line":16,"column":88},"end":{"line":39,"column":1}},"line":16},"1":{"name":"(anonymous_1)","decl":{"start":{"line":20,"column":12},"end":{"line":20,"column":13}},"loc":{"start":{"line":20,"column":18},"end":{"line":25,"column":3}},"line":20},"2":{"name":"(anonymous_2)","decl":{"start":{"line":27,"column":23},"end":{"line":27,"column":24}},"loc":{"start":{"line":27,"column":44},"end":{"line":30,"column":3}},"line":27},"3":{"name":"(anonymous_3)","decl":{"start":{"line":41,"column":24},"end":{"line":41,"column":25}},"loc":{"start":{"line":41,"column":48},"end":{"line":53,"column":1}},"line":41},"4":{"name":"(anonymous_4)","decl":{"start":{"line":49,"column":20},"end":{"line":49,"column":21}},"loc":{"start":{"line":49,"column":26},"end":{"line":49,"column":28}},"line":49}},"branchMap":{"0":{"loc":{"start":{"line":22,"column":4},"end":{"line":24,"column":5}},"type":"if","locations":[{"start":{"line":22,"column":4},"end":{"line":24,"column":5}},{"start":{},"end":{}}],"line":22},"1":{"loc":{"start":{"line":22,"column":8},"end":{"line":22,"column":94}},"type":"binary-expr","locations":[{"start":{"line":22,"column":8},"end":{"line":22,"column":17}},{"start":{"line":22,"column":22},"end":{"line":22,"column":42}},{"start":{"line":22,"column":46},"end":{"line":22,"column":67}},{"start":{"line":22,"column":71},"end":{"line":22,"column":93}}],"line":22},"2":{"loc":{"start":{"line":43,"column":2},"end":{"line":51,"column":3}},"type":"if","locations":[{"start":{"line":43,"column":2},"end":{"line":51,"column":3}},{"start":{},"end":{}}],"line":43}},"s":{"0":1,"1":1,"2":1,"3":0,"4":0,"5":0,"6":0,"7":0,"8":0,"9":0,"10":0,"11":0,"12":0,"13":0,"14":1,"15":18,"16":18,"17":18,"18":18,"19":0},"f":{"0":0,"1":0,"2":0,"3":18,"4":0},"b":{"0":[0,0],"1":[0,0,0,0],"2":[18,0]},"_coverageSchema":"1a1c01bbd47fc00a2c39e90264f33305004495a9","hash":"f40a7d25046bdd0399c3fd03c28309a31ae3521e"}
,"/Users/mohamedansardeen/.gemini/antigravity-ide/scratch/community-app/domain/models/Event.ts": {"path":"/Users/mohamedansardeen/.gemini/antigravity-ide/scratch/community-app/domain/models/Event.ts","statementMap":{"0":{"start":{"line":6,"column":38},"end":{"line":21,"column":2}},"1":{"start":{"line":25,"column":27},"end":{"line":34,"column":2}}},"fnMap":{},"branchMap":{},"s":{"0":3,"1":3},"f":{},"b":{},"_coverageSchema":"1a1c01bbd47fc00a2c39e90264f33305004495a9","hash":"b76e515fd1cf62b4f660c0e7d689f5f42c0510f4"}
,"/Users/mohamedansardeen/.gemini/antigravity-ide/scratch/community-app/domain/models/User.ts": {"path":"/Users/mohamedansardeen/.gemini/antigravity-ide/scratch/community-app/domain/models/User.ts","statementMap":{"0":{"start":{"line":5,"column":26},"end":{"line":11,"column":2}},"1":{"start":{"line":15,"column":29},"end":{"line":22,"column":1}},"2":{"start":{"line":16,"column":46},"end":{"line":20,"column":3}},"3":{"start":{"line":21,"column":2},"end":{"line":21,"column":56}}},"fnMap":{"0":{"name":"(anonymous_0)","decl":{"start":{"line":15,"column":29},"end":{"line":15,"column":30}},"loc":{"start":{"line":15,"column":86},"end":{"line":22,"column":1}},"line":15}},"branchMap":{},"s":{"0":5,"1":5,"2":26,"3":26},"f":{"0":26},"b":{},"_coverageSchema":"1a1c01bbd47fc00a2c39e90264f33305004495a9","hash":"8a5ed2f6a3805a463b8fd08d65d8e8e01dd63bbb"}
,"/Users/mohamedansardeen/.gemini/antigravity-ide/scratch/community-app/domain/repositories/IAuthRepository.ts": {"path":"/Users/mohamedansardeen/.gemini/antigravity-ide/scratch/community-app/domain/repositories/IAuthRepository.ts","statementMap":{},"fnMap":{},"branchMap":{},"s":{},"f":{},"b":{}}
,"/Users/mohamedansardeen/.gemini/antigravity-ide/scratch/community-app/domain/repositories/IEventRepository.ts": {"path":"/Users/mohamedansardeen/.gemini/antigravity-ide/scratch/community-app/domain/repositories/IEventRepository.ts","statementMap":{},"fnMap":{},"branchMap":{},"s":{},"f":{},"b":{}}
,"/Users/mohamedansardeen/.gemini/antigravity-ide/scratch/community-app/domain/repositories/IUserRepository.ts": {"path":"/Users/mohamedansardeen/.gemini/antigravity-ide/scratch/community-app/domain/repositories/IUserRepository.ts","statementMap":{},"fnMap":{},"branchMap":{},"s":{},"f":{},"b":{}}
,"/Users/mohamedansardeen/.gemini/antigravity-ide/scratch/community-app/domain/usecases/CreateEventUseCase.ts": {"path":"/Users/mohamedansardeen/.gemini/antigravity-ide/scratch/community-app/domain/usecases/CreateEventUseCase.ts","statementMap":{"0":{"start":{"line":10,"column":27},"end":{"line":10,"column":62}},"1":{"start":{"line":14,"column":27},"end":{"line":14,"column":57}},"2":{"start":{"line":17,"column":25},"end":{"line":17,"column":73}},"3":{"start":{"line":19,"column":4},"end":{"line":22,"column":5}},"4":{"start":{"line":20,"column":6},"end":{"line":20,"column":102}},"5":{"start":{"line":21,"column":6},"end":{"line":21,"column":39}},"6":{"start":{"line":24,"column":4},"end":{"line":24,"column":24}}},"fnMap":{"0":{"name":"(anonymous_0)","decl":{"start":{"line":6,"column":2},"end":{"line":6,"column":3}},"loc":{"start":{"line":6,"column":51},"end":{"line":6,"column":53}},"line":6},"1":{"name":"(anonymous_1)","decl":{"start":{"line":8,"column":2},"end":{"line":8,"column":3}},"loc":{"start":{"line":8,"column":86},"end":{"line":25,"column":3}},"line":8}},"branchMap":{"0":{"loc":{"start":{"line":19,"column":4},"end":{"line":22,"column":5}},"type":"if","locations":[{"start":{"line":19,"column":4},"end":{"line":22,"column":5}},{"start":{},"end":{}}],"line":19}},"s":{"0":3,"1":2,"2":2,"3":2,"4":1,"5":1,"6":2},"f":{"0":4,"1":3},"b":{"0":[1,1]},"_coverageSchema":"1a1c01bbd47fc00a2c39e90264f33305004495a9","hash":"bf392760e9352c23236df1dd06f91b37c08e2b66"}
,"/Users/mohamedansardeen/.gemini/antigravity-ide/scratch/community-app/domain/usecases/ModerateEventUseCase.ts": {"path":"/Users/mohamedansardeen/.gemini/antigravity-ide/scratch/community-app/domain/usecases/ModerateEventUseCase.ts","statementMap":{"0":{"start":{"line":10,"column":4},"end":{"line":12,"column":5}},"1":{"start":{"line":11,"column":6},"end":{"line":11,"column":110}},"2":{"start":{"line":14,"column":4},"end":{"line":14,"column":73}}},"fnMap":{"0":{"name":"(anonymous_0)","decl":{"start":{"line":6,"column":2},"end":{"line":6,"column":3}},"loc":{"start":{"line":6,"column":51},"end":{"line":6,"column":53}},"line":6},"1":{"name":"(anonymous_1)","decl":{"start":{"line":8,"column":2},"end":{"line":8,"column":3}},"loc":{"start":{"line":8,"column":115},"end":{"line":15,"column":3}},"line":8}},"branchMap":{"0":{"loc":{"start":{"line":10,"column":4},"end":{"line":12,"column":5}},"type":"if","locations":[{"start":{"line":10,"column":4},"end":{"line":12,"column":5}},{"start":{},"end":{}}],"line":10}},"s":{"0":3,"1":1,"2":2},"f":{"0":4,"1":3},"b":{"0":[1,2]},"_coverageSchema":"1a1c01bbd47fc00a2c39e90264f33305004495a9","hash":"e84d103916fe74e6857e650b8a71394331404ce1"}
,"/Users/mohamedansardeen/.gemini/antigravity-ide/scratch/community-app/domain/usecases/RsvpEventUseCase.ts": {"path":"/Users/mohamedansardeen/.gemini/antigravity-ide/scratch/community-app/domain/usecases/RsvpEventUseCase.ts","statementMap":{"0":{"start":{"line":8,"column":4},"end":{"line":10,"column":5}},"1":{"start":{"line":9,"column":6},"end":{"line":9,"column":75}},"2":{"start":{"line":12,"column":4},"end":{"line":12,"column":69}}},"fnMap":{"0":{"name":"(anonymous_0)","decl":{"start":{"line":5,"column":2},"end":{"line":5,"column":3}},"loc":{"start":{"line":5,"column":51},"end":{"line":5,"column":53}},"line":5},"1":{"name":"(anonymous_1)","decl":{"start":{"line":7,"column":2},"end":{"line":7,"column":3}},"loc":{"start":{"line":7,"column":98},"end":{"line":13,"column":3}},"line":7}},"branchMap":{"0":{"loc":{"start":{"line":8,"column":4},"end":{"line":10,"column":5}},"type":"if","locations":[{"start":{"line":8,"column":4},"end":{"line":10,"column":5}},{"start":{},"end":{}}],"line":8},"1":{"loc":{"start":{"line":8,"column":8},"end":{"line":8,"column":27}},"type":"binary-expr","locations":[{"start":{"line":8,"column":8},"end":{"line":8,"column":16}},{"start":{"line":8,"column":20},"end":{"line":8,"column":27}}],"line":8}},"s":{"0":6,"1":2,"2":4},"f":{"0":5,"1":6},"b":{"0":[2,4],"1":[6,5]},"_coverageSchema":"1a1c01bbd47fc00a2c39e90264f33305004495a9","hash":"5aadfc984ccd0fbf95246815648063bd1c5ccfda"}
,"/Users/mohamedansardeen/.gemini/antigravity-ide/scratch/community-app/infrastructure/factory/RepositoryFactory.ts": {"path":"/Users/mohamedansardeen/.gemini/antigravity-ide/scratch/community-app/infrastructure/factory/RepositoryFactory.ts","statementMap":{"0":{"start":{"line":6,"column":55},"end":{"line":6,"column":59}},"1":{"start":{"line":9,"column":4},"end":{"line":16,"column":5}},"2":{"start":{"line":10,"column":23},"end":{"line":10,"column":73}},"3":{"start":{"line":11,"column":6},"end":{"line":15,"column":7}},"4":{"start":{"line":12,"column":8},"end":{"line":12,"column":63}},"5":{"start":{"line":14,"column":8},"end":{"line":14,"column":59}},"6":{"start":{"line":17,"column":4},"end":{"line":17,"column":34}},"7":{"start":{"line":21,"column":33},"end":{"line":21,"column":61}}},"fnMap":{"0":{"name":"(anonymous_0)","decl":{"start":{"line":8,"column":2},"end":{"line":8,"column":3}},"loc":{"start":{"line":8,"column":41},"end":{"line":18,"column":3}},"line":8}},"branchMap":{"0":{"loc":{"start":{"line":9,"column":4},"end":{"line":16,"column":5}},"type":"if","locations":[{"start":{"line":9,"column":4},"end":{"line":16,"column":5}},{"start":{},"end":{}}],"line":9},"1":{"loc":{"start":{"line":10,"column":23},"end":{"line":10,"column":73}},"type":"binary-expr","locations":[{"start":{"line":10,"column":23},"end":{"line":10,"column":63}},{"start":{"line":10,"column":67},"end":{"line":10,"column":73}}],"line":10},"2":{"loc":{"start":{"line":11,"column":6},"end":{"line":15,"column":7}},"type":"if","locations":[{"start":{"line":11,"column":6},"end":{"line":15,"column":7}},{"start":{"line":13,"column":13},"end":{"line":15,"column":7}}],"line":11}},"s":{"0":2,"1":4,"2":2,"3":2,"4":0,"5":2,"6":4,"7":2},"f":{"0":4},"b":{"0":[2,2],"1":[2,2],"2":[0,2]},"_coverageSchema":"1a1c01bbd47fc00a2c39e90264f33305004495a9","hash":"1a6994a49e8db837721edf7f65879c7906365f57"}
,"/Users/mohamedansardeen/.gemini/antigravity-ide/scratch/community-app/infrastructure/repositories/FirebaseEventRepository.ts": {"path":"/Users/mohamedansardeen/.gemini/antigravity-ide/scratch/community-app/infrastructure/repositories/FirebaseEventRepository.ts","statementMap":{"0":{"start":{"line":18,"column":29},"end":{"line":18,"column":53}},"1":{"start":{"line":19,"column":28},"end":{"line":19,"column":51}},"2":{"start":{"line":22,"column":4},"end":{"line":40,"column":5}},"3":{"start":{"line":23,"column":14},"end":{"line":23,"column":107}},"4":{"start":{"line":24,"column":23},"end":{"line":24,"column":39}},"5":{"start":{"line":25,"column":20},"end":{"line":25,"column":109}},"6":{"start":{"line":25,"column":52},"end":{"line":25,"column":107}},"7":{"start":{"line":27,"column":6},"end":{"line":29,"column":7}},"8":{"start":{"line":28,"column":8},"end":{"line":28,"column":71}},"9":{"start":{"line":28,"column":40},"end":{"line":28,"column":69}},"10":{"start":{"line":30,"column":6},"end":{"line":35,"column":7}},"11":{"start":{"line":31,"column":25},"end":{"line":31,"column":50}},"12":{"start":{"line":32,"column":8},"end":{"line":34,"column":10}},"13":{"start":{"line":33,"column":17},"end":{"line":33,"column":101}},"14":{"start":{"line":36,"column":6},"end":{"line":36,"column":21}},"15":{"start":{"line":38,"column":6},"end":{"line":38,"column":101}},"16":{"start":{"line":39,"column":6},"end":{"line":39,"column":16}},"17":{"start":{"line":44,"column":14},"end":{"line":44,"column":106}},"18":{"start":{"line":45,"column":21},"end":{"line":45,"column":37}},"19":{"start":{"line":46,"column":4},"end":{"line":46,"column":101}},"20":{"start":{"line":46,"column":43},"end":{"line":46,"column":98}},"21":{"start":{"line":50,"column":19},"end":{"line":50,"column":40}},"22":{"start":{"line":51,"column":20},"end":{"line":51,"column":40}},"23":{"start":{"line":52,"column":4},"end":{"line":52,"column":39}},"24":{"start":{"line":52,"column":27},"end":{"line":52,"column":39}},"25":{"start":{"line":53,"column":4},"end":{"line":53,"column":67}},"26":{"start":{"line":57,"column":20},"end":{"line":66,"column":5}},"27":{"start":{"line":67,"column":19},"end":{"line":67,"column":63}},"28":{"start":{"line":68,"column":4},"end":{"line":68,"column":121}},"29":{"start":{"line":72,"column":19},"end":{"line":72,"column":40}},"30":{"start":{"line":73,"column":4},"end":{"line":77,"column":7}},"31":{"start":{"line":81,"column":21},"end":{"line":86,"column":5}},"32":{"start":{"line":87,"column":19},"end":{"line":87,"column":63}},"33":{"start":{"line":88,"column":4},"end":{"line":94,"column":6}},"34":{"start":{"line":98,"column":14},"end":{"line":98,"column":72}},"35":{"start":{"line":99,"column":21},"end":{"line":99,"column":37}},"36":{"start":{"line":100,"column":58},"end":{"line":100,"column":60}},"37":{"start":{"line":101,"column":4},"end":{"line":104,"column":7}},"38":{"start":{"line":102,"column":19},"end":{"line":102,"column":33}},"39":{"start":{"line":103,"column":6},"end":{"line":103,"column":38}},"40":{"start":{"line":105,"column":4},"end":{"line":105,"column":15}}},"fnMap":{"0":{"name":"(anonymous_0)","decl":{"start":{"line":21,"column":2},"end":{"line":21,"column":3}},"loc":{"start":{"line":21,"column":100},"end":{"line":41,"column":3}},"line":21},"1":{"name":"(anonymous_1)","decl":{"start":{"line":25,"column":38},"end":{"line":25,"column":39}},"loc":{"start":{"line":25,"column":52},"end":{"line":25,"column":107}},"line":25},"2":{"name":"(anonymous_2)","decl":{"start":{"line":28,"column":33},"end":{"line":28,"column":34}},"loc":{"start":{"line":28,"column":40},"end":{"line":28,"column":69}},"line":28},"3":{"name":"(anonymous_3)","decl":{"start":{"line":33,"column":10},"end":{"line":33,"column":11}},"loc":{"start":{"line":33,"column":17},"end":{"line":33,"column":101}},"line":33},"4":{"name":"(anonymous_4)","decl":{"start":{"line":43,"column":2},"end":{"line":43,"column":3}},"loc":{"start":{"line":43,"column":54},"end":{"line":47,"column":3}},"line":43},"5":{"name":"(anonymous_5)","decl":{"start":{"line":46,"column":29},"end":{"line":46,"column":30}},"loc":{"start":{"line":46,"column":43},"end":{"line":46,"column":98}},"line":46},"6":{"name":"(anonymous_6)","decl":{"start":{"line":49,"column":2},"end":{"line":49,"column":3}},"loc":{"start":{"line":49,"column":65},"end":{"line":54,"column":3}},"line":49},"7":{"name":"(anonymous_7)","decl":{"start":{"line":56,"column":2},"end":{"line":56,"column":3}},"loc":{"start":{"line":56,"column":70},"end":{"line":69,"column":3}},"line":56},"8":{"name":"(anonymous_8)","decl":{"start":{"line":71,"column":2},"end":{"line":71,"column":3}},"loc":{"start":{"line":71,"column":95},"end":{"line":78,"column":3}},"line":71},"9":{"name":"(anonymous_9)","decl":{"start":{"line":80,"column":2},"end":{"line":80,"column":3}},"loc":{"start":{"line":80,"column":102},"end":{"line":95,"column":3}},"line":80},"10":{"name":"(anonymous_10)","decl":{"start":{"line":97,"column":2},"end":{"line":97,"column":3}},"loc":{"start":{"line":97,"column":88},"end":{"line":106,"column":3}},"line":97},"11":{"name":"(anonymous_11)","decl":{"start":{"line":101,"column":26},"end":{"line":101,"column":27}},"loc":{"start":{"line":101,"column":39},"end":{"line":104,"column":5}},"line":101}},"branchMap":{"0":{"loc":{"start":{"line":27,"column":6},"end":{"line":29,"column":7}},"type":"if","locations":[{"start":{"line":27,"column":6},"end":{"line":29,"column":7}},{"start":{},"end":{}}],"line":27},"1":{"loc":{"start":{"line":27,"column":10},"end":{"line":27,"column":52}},"type":"binary-expr","locations":[{"start":{"line":27,"column":10},"end":{"line":27,"column":24}},{"start":{"line":27,"column":28},"end":{"line":27,"column":52}}],"line":27},"2":{"loc":{"start":{"line":30,"column":6},"end":{"line":35,"column":7}},"type":"if","locations":[{"start":{"line":30,"column":6},"end":{"line":35,"column":7}},{"start":{},"end":{}}],"line":30},"3":{"loc":{"start":{"line":30,"column":10},"end":{"line":30,"column":50}},"type":"binary-expr","locations":[{"start":{"line":30,"column":10},"end":{"line":30,"column":21}},{"start":{"line":30,"column":25},"end":{"line":30,"column":50}}],"line":30},"4":{"loc":{"start":{"line":33,"column":17},"end":{"line":33,"column":101}},"type":"binary-expr","locations":[{"start":{"line":33,"column":17},"end":{"line":33,"column":57}},{"start":{"line":33,"column":61},"end":{"line":33,"column":101}}],"line":33},"5":{"loc":{"start":{"line":52,"column":4},"end":{"line":52,"column":39}},"type":"if","locations":[{"start":{"line":52,"column":4},"end":{"line":52,"column":39}},{"start":{},"end":{}}],"line":52}},"s":{"0":0,"1":0,"2":0,"3":0,"4":0,"5":0,"6":0,"7":0,"8":0,"9":0,"10":0,"11":0,"12":0,"13":0,"14":0,"15":0,"16":0,"17":0,"18":0,"19":0,"20":0,"21":0,"22":0,"23":0,"24":0,"25":0,"26":0,"27":0,"28":0,"29":0,"30":0,"31":0,"32":0,"33":0,"34":0,"35":0,"36":0,"37":0,"38":0,"39":0,"40":0},"f":{"0":0,"1":0,"2":0,"3":0,"4":0,"5":0,"6":0,"7":0,"8":0,"9":0,"10":0,"11":0},"b":{"0":[0,0],"1":[0,0],"2":[0,0],"3":[0,0],"4":[0,0],"5":[0,0]}}
,"/Users/mohamedansardeen/.gemini/antigravity-ide/scratch/community-app/infrastructure/repositories/MockEventRepository.ts": {"path":"/Users/mohamedansardeen/.gemini/antigravity-ide/scratch/community-app/infrastructure/repositories/MockEventRepository.ts","statementMap":{"0":{"start":{"line":4,"column":46},"end":{"line":84,"column":1}},"1":{"start":{"line":87,"column":37},"end":{"line":87,"column":79}},"2":{"start":{"line":87,"column":69},"end":{"line":87,"column":77}},"3":{"start":{"line":88,"column":76},"end":{"line":88,"column":78}},"4":{"start":{"line":91,"column":4},"end":{"line":91,"column":61}},"5":{"start":{"line":91,"column":35},"end":{"line":91,"column":59}},"6":{"start":{"line":92,"column":4},"end":{"line":100,"column":7}},"7":{"start":{"line":93,"column":6},"end":{"line":93,"column":50}},"8":{"start":{"line":93,"column":37},"end":{"line":93,"column":50}},"9":{"start":{"line":94,"column":6},"end":{"line":94,"column":102}},"10":{"start":{"line":94,"column":89},"end":{"line":94,"column":102}},"11":{"start":{"line":95,"column":6},"end":{"line":98,"column":7}},"12":{"start":{"line":96,"column":22},"end":{"line":96,"column":47}},"13":{"start":{"line":97,"column":8},"end":{"line":97,"column":98}},"14":{"start":{"line":99,"column":6},"end":{"line":99,"column":18}},"15":{"start":{"line":104,"column":4},"end":{"line":104,"column":61}},"16":{"start":{"line":104,"column":35},"end":{"line":104,"column":59}},"17":{"start":{"line":105,"column":4},"end":{"line":105,"column":65}},"18":{"start":{"line":105,"column":39},"end":{"line":105,"column":63}},"19":{"start":{"line":109,"column":16},"end":{"line":109,"column":52}},"20":{"start":{"line":109,"column":40},"end":{"line":109,"column":51}},"21":{"start":{"line":110,"column":4},"end":{"line":110,"column":35}},"22":{"start":{"line":114,"column":37},"end":{"line":124,"column":5}},"23":{"start":{"line":125,"column":4},"end":{"line":125,"column":34}},"24":{"start":{"line":126,"column":4},"end":{"line":126,"column":20}},"25":{"start":{"line":130,"column":16},"end":{"line":130,"column":52}},"26":{"start":{"line":130,"column":40},"end":{"line":130,"column":51}},"27":{"start":{"line":131,"column":4},"end":{"line":135,"column":5}},"28":{"start":{"line":132,"column":6},"end":{"line":132,"column":26}},"29":{"start":{"line":133,"column":6},"end":{"line":133,"column":23}},"30":{"start":{"line":134,"column":6},"end":{"line":134,"column":47}},"31":{"start":{"line":139,"column":16},"end":{"line":139,"column":57}},"32":{"start":{"line":139,"column":40},"end":{"line":139,"column":56}},"33":{"start":{"line":140,"column":4},"end":{"line":142,"column":5}},"34":{"start":{"line":141,"column":6},"end":{"line":141,"column":30}},"35":{"start":{"line":144,"column":27},"end":{"line":144,"column":54}},"36":{"start":{"line":145,"column":4},"end":{"line":145,"column":41}},"37":{"start":{"line":147,"column":4},"end":{"line":161,"column":5}},"38":{"start":{"line":148,"column":6},"end":{"line":160,"column":7}},"39":{"start":{"line":149,"column":8},"end":{"line":149,"column":27}},"40":{"start":{"line":150,"column":8},"end":{"line":151,"column":36}},"41":{"start":{"line":150,"column":36},"end":{"line":150,"column":60}},"42":{"start":{"line":151,"column":13},"end":{"line":151,"column":36}},"43":{"start":{"line":152,"column":13},"end":{"line":160,"column":7}},"44":{"start":{"line":153,"column":8},"end":{"line":159,"column":9}},"45":{"start":{"line":154,"column":10},"end":{"line":154,"column":34}},"46":{"start":{"line":155,"column":10},"end":{"line":155,"column":65}},"47":{"start":{"line":157,"column":10},"end":{"line":157,"column":33}},"48":{"start":{"line":158,"column":10},"end":{"line":158,"column":67}},"49":{"start":{"line":163,"column":4},"end":{"line":169,"column":6}},"50":{"start":{"line":173,"column":4},"end":{"line":173,"column":36}}},"fnMap":{"0":{"name":"(anonymous_0)","decl":{"start":{"line":87,"column":61},"end":{"line":87,"column":62}},"loc":{"start":{"line":87,"column":69},"end":{"line":87,"column":77}},"line":87},"1":{"name":"(anonymous_1)","decl":{"start":{"line":90,"column":2},"end":{"line":90,"column":3}},"loc":{"start":{"line":90,"column":100},"end":{"line":101,"column":3}},"line":90},"2":{"name":"(anonymous_2)","decl":{"start":{"line":91,"column":22},"end":{"line":91,"column":23}},"loc":{"start":{"line":91,"column":35},"end":{"line":91,"column":59}},"line":91},"3":{"name":"(anonymous_3)","decl":{"start":{"line":92,"column":30},"end":{"line":92,"column":31}},"loc":{"start":{"line":92,"column":39},"end":{"line":100,"column":5}},"line":92},"4":{"name":"(anonymous_4)","decl":{"start":{"line":103,"column":2},"end":{"line":103,"column":3}},"loc":{"start":{"line":103,"column":54},"end":{"line":106,"column":3}},"line":103},"5":{"name":"(anonymous_5)","decl":{"start":{"line":104,"column":22},"end":{"line":104,"column":23}},"loc":{"start":{"line":104,"column":35},"end":{"line":104,"column":59}},"line":104},"6":{"name":"(anonymous_6)","decl":{"start":{"line":105,"column":30},"end":{"line":105,"column":31}},"loc":{"start":{"line":105,"column":39},"end":{"line":105,"column":63}},"line":105},"7":{"name":"(anonymous_7)","decl":{"start":{"line":108,"column":2},"end":{"line":108,"column":3}},"loc":{"start":{"line":108,"column":65},"end":{"line":111,"column":3}},"line":108},"8":{"name":"(anonymous_8)","decl":{"start":{"line":109,"column":33},"end":{"line":109,"column":34}},"loc":{"start":{"line":109,"column":40},"end":{"line":109,"column":51}},"line":109},"9":{"name":"(anonymous_9)","decl":{"start":{"line":113,"column":2},"end":{"line":113,"column":3}},"loc":{"start":{"line":113,"column":70},"end":{"line":127,"column":3}},"line":113},"10":{"name":"(anonymous_10)","decl":{"start":{"line":129,"column":2},"end":{"line":129,"column":3}},"loc":{"start":{"line":129,"column":95},"end":{"line":136,"column":3}},"line":129},"11":{"name":"(anonymous_11)","decl":{"start":{"line":130,"column":33},"end":{"line":130,"column":34}},"loc":{"start":{"line":130,"column":40},"end":{"line":130,"column":51}},"line":130},"12":{"name":"(anonymous_12)","decl":{"start":{"line":138,"column":2},"end":{"line":138,"column":3}},"loc":{"start":{"line":138,"column":102},"end":{"line":170,"column":3}},"line":138},"13":{"name":"(anonymous_13)","decl":{"start":{"line":139,"column":33},"end":{"line":139,"column":34}},"loc":{"start":{"line":139,"column":40},"end":{"line":139,"column":56}},"line":139},"14":{"name":"(anonymous_14)","decl":{"start":{"line":172,"column":2},"end":{"line":172,"column":3}},"loc":{"start":{"line":172,"column":88},"end":{"line":174,"column":3}},"line":172}},"branchMap":{"0":{"loc":{"start":{"line":93,"column":6},"end":{"line":93,"column":50}},"type":"if","locations":[{"start":{"line":93,"column":6},"end":{"line":93,"column":50}},{"start":{},"end":{}}],"line":93},"1":{"loc":{"start":{"line":94,"column":6},"end":{"line":94,"column":102}},"type":"if","locations":[{"start":{"line":94,"column":6},"end":{"line":94,"column":102}},{"start":{},"end":{}}],"line":94},"2":{"loc":{"start":{"line":94,"column":10},"end":{"line":94,"column":87}},"type":"binary-expr","locations":[{"start":{"line":94,"column":10},"end":{"line":94,"column":24}},{"start":{"line":94,"column":28},"end":{"line":94,"column":52}},{"start":{"line":94,"column":56},"end":{"line":94,"column":87}}],"line":94},"3":{"loc":{"start":{"line":95,"column":6},"end":{"line":98,"column":7}},"type":"if","locations":[{"start":{"line":95,"column":6},"end":{"line":98,"column":7}},{"start":{},"end":{}}],"line":95},"4":{"loc":{"start":{"line":95,"column":10},"end":{"line":95,"column":50}},"type":"binary-expr","locations":[{"start":{"line":95,"column":10},"end":{"line":95,"column":21}},{"start":{"line":95,"column":25},"end":{"line":95,"column":50}}],"line":95},"5":{"loc":{"start":{"line":97,"column":15},"end":{"line":97,"column":97}},"type":"binary-expr","locations":[{"start":{"line":97,"column":15},"end":{"line":97,"column":54}},{"start":{"line":97,"column":58},"end":{"line":97,"column":97}}],"line":97},"6":{"loc":{"start":{"line":110,"column":11},"end":{"line":110,"column":34}},"type":"cond-expr","locations":[{"start":{"line":110,"column":17},"end":{"line":110,"column":27}},{"start":{"line":110,"column":30},"end":{"line":110,"column":34}}],"line":110},"7":{"loc":{"start":{"line":131,"column":4},"end":{"line":135,"column":5}},"type":"if","locations":[{"start":{"line":131,"column":4},"end":{"line":135,"column":5}},{"start":{},"end":{}}],"line":131},"8":{"loc":{"start":{"line":140,"column":4},"end":{"line":142,"column":5}},"type":"if","locations":[{"start":{"line":140,"column":4},"end":{"line":142,"column":5}},{"start":{},"end":{}}],"line":140},"9":{"loc":{"start":{"line":147,"column":4},"end":{"line":161,"column":5}},"type":"if","locations":[{"start":{"line":147,"column":4},"end":{"line":161,"column":5}},{"start":{},"end":{}}],"line":147},"10":{"loc":{"start":{"line":148,"column":6},"end":{"line":160,"column":7}},"type":"if","locations":[{"start":{"line":148,"column":6},"end":{"line":160,"column":7}},{"start":{"line":152,"column":13},"end":{"line":160,"column":7}}],"line":148},"11":{"loc":{"start":{"line":150,"column":8},"end":{"line":151,"column":36}},"type":"if","locations":[{"start":{"line":150,"column":8},"end":{"line":151,"column":36}},{"start":{"line":151,"column":13},"end":{"line":151,"column":36}}],"line":150},"12":{"loc":{"start":{"line":152,"column":13},"end":{"line":160,"column":7}},"type":"if","locations":[{"start":{"line":152,"column":13},"end":{"line":160,"column":7}},{"start":{},"end":{}}],"line":152},"13":{"loc":{"start":{"line":153,"column":8},"end":{"line":159,"column":9}},"type":"if","locations":[{"start":{"line":153,"column":8},"end":{"line":159,"column":9}},{"start":{"line":156,"column":15},"end":{"line":159,"column":9}}],"line":153},"14":{"loc":{"start":{"line":173,"column":11},"end":{"line":173,"column":35}},"type":"binary-expr","locations":[{"start":{"line":173,"column":11},"end":{"line":173,"column":29}},{"start":{"line":173,"column":33},"end":{"line":173,"column":35}}],"line":173}},"s":{"0":6,"1":23,"2":92,"3":23,"4":8,"5":8,"6":8,"7":32,"8":8,"9":24,"10":6,"11":18,"12":9,"13":9,"14":9,"15":2,"16":2,"17":2,"18":8,"19":14,"20":35,"21":14,"22":3,"23":3,"24":3,"25":4,"26":13,"27":4,"28":4,"29":4,"30":4,"31":7,"32":7,"33":7,"34":5,"35":7,"36":7,"37":7,"38":7,"39":5,"40":5,"41":4,"42":1,"43":2,"44":2,"45":0,"46":0,"47":2,"48":2,"49":7,"50":3},"f":{"0":92,"1":8,"2":8,"3":32,"4":2,"5":2,"6":8,"7":14,"8":35,"9":3,"10":4,"11":13,"12":7,"13":7,"14":3},"b":{"0":[8,24],"1":[6,18],"2":[24,18,9],"3":[9,9],"4":[18,9],"5":[9,8],"6":[13,1],"7":[4,0],"8":[5,2],"9":[7,0],"10":[5,2],"11":[4,1],"12":[2,0],"13":[0,2],"14":[3,0]},"_coverageSchema":"1a1c01bbd47fc00a2c39e90264f33305004495a9","hash":"0ef2d858500b6dfdd68b6d8cfb4c21504ce2c90a"}
,"/Users/mohamedansardeen/.gemini/antigravity-ide/scratch/community-app/infrastructure/services/whatsappService.ts": {"path":"/Users/mohamedansardeen/.gemini/antigravity-ide/scratch/community-app/infrastructure/services/whatsappService.ts","statementMap":{"0":{"start":{"line":6,"column":20},"end":{"line":6,"column":68}},"1":{"start":{"line":7,"column":25},"end":{"line":7,"column":27}},"2":{"start":{"line":9,"column":4},"end":{"line":15,"column":5}},"3":{"start":{"line":10,"column":6},"end":{"line":10,"column":147}},"4":{"start":{"line":11,"column":11},"end":{"line":15,"column":5}},"5":{"start":{"line":12,"column":6},"end":{"line":12,"column":78}},"6":{"start":{"line":14,"column":6},"end":{"line":14,"column":78}},"7":{"start":{"line":17,"column":4},"end":{"line":29,"column":34}},"8":{"start":{"line":33,"column":17},"end":{"line":33,"column":46}},"9":{"start":{"line":34,"column":24},"end":{"line":34,"column":48}},"10":{"start":{"line":35,"column":30},"end":{"line":35,"column":67}},"11":{"start":{"line":36,"column":27},"end":{"line":36,"column":63}},"12":{"start":{"line":38,"column":4},"end":{"line":51,"column":5}},"13":{"start":{"line":39,"column":28},"end":{"line":39,"column":71}},"14":{"start":{"line":40,"column":6},"end":{"line":46,"column":7}},"15":{"start":{"line":41,"column":8},"end":{"line":41,"column":49}},"16":{"start":{"line":42,"column":8},"end":{"line":42,"column":20}},"17":{"start":{"line":44,"column":8},"end":{"line":44,"column":46}},"18":{"start":{"line":45,"column":8},"end":{"line":45,"column":20}},"19":{"start":{"line":48,"column":6},"end":{"line":48,"column":70}},"20":{"start":{"line":49,"column":6},"end":{"line":49,"column":44}},"21":{"start":{"line":50,"column":6},"end":{"line":50,"column":18}},"22":{"start":{"line":56,"column":4},"end":{"line":56,"column":61}},"23":{"start":{"line":56,"column":35},"end":{"line":56,"column":59}},"24":{"start":{"line":57,"column":4},"end":{"line":57,"column":107}},"25":{"start":{"line":58,"column":4},"end":{"line":58,"column":50}},"26":{"start":{"line":62,"column":31},"end":{"line":62,"column":52}}},"fnMap":{"0":{"name":"(anonymous_0)","decl":{"start":{"line":5,"column":2},"end":{"line":5,"column":3}},"loc":{"start":{"line":5,"column":51},"end":{"line":30,"column":3}},"line":5},"1":{"name":"(anonymous_1)","decl":{"start":{"line":32,"column":2},"end":{"line":32,"column":3}},"loc":{"start":{"line":32,"column":70},"end":{"line":52,"column":3}},"line":32},"2":{"name":"(anonymous_2)","decl":{"start":{"line":54,"column":2},"end":{"line":54,"column":3}},"loc":{"start":{"line":54,"column":112},"end":{"line":59,"column":3}},"line":54},"3":{"name":"(anonymous_3)","decl":{"start":{"line":56,"column":22},"end":{"line":56,"column":23}},"loc":{"start":{"line":56,"column":35},"end":{"line":56,"column":59}},"line":56}},"branchMap":{"0":{"loc":{"start":{"line":9,"column":4},"end":{"line":15,"column":5}},"type":"if","locations":[{"start":{"line":9,"column":4},"end":{"line":15,"column":5}},{"start":{"line":11,"column":11},"end":{"line":15,"column":5}}],"line":9},"1":{"loc":{"start":{"line":10,"column":82},"end":{"line":10,"column":108}},"type":"binary-expr","locations":[{"start":{"line":10,"column":82},"end":{"line":10,"column":97}},{"start":{"line":10,"column":101},"end":{"line":10,"column":108}}],"line":10},"2":{"loc":{"start":{"line":10,"column":116},"end":{"line":10,"column":142}},"type":"binary-expr","locations":[{"start":{"line":10,"column":116},"end":{"line":10,"column":131}},{"start":{"line":10,"column":135},"end":{"line":10,"column":142}}],"line":10},"3":{"loc":{"start":{"line":11,"column":11},"end":{"line":15,"column":5}},"type":"if","locations":[{"start":{"line":11,"column":11},"end":{"line":15,"column":5}},{"start":{"line":13,"column":11},"end":{"line":15,"column":5}}],"line":11},"4":{"loc":{"start":{"line":26,"column":2},"end":{"line":26,"column":74}},"type":"cond-expr","locations":[{"start":{"line":26,"column":24},"end":{"line":26,"column":69}},{"start":{"line":26,"column":72},"end":{"line":26,"column":74}}],"line":26},"5":{"loc":{"start":{"line":40,"column":6},"end":{"line":46,"column":7}},"type":"if","locations":[{"start":{"line":40,"column":6},"end":{"line":46,"column":7}},{"start":{"line":43,"column":13},"end":{"line":46,"column":7}}],"line":40}},"s":{"0":6,"1":6,"2":6,"3":4,"4":2,"5":1,"6":1,"7":6,"8":3,"9":3,"10":3,"11":3,"12":3,"13":3,"14":2,"15":1,"16":1,"17":1,"18":1,"19":1,"20":1,"21":1,"22":1,"23":1,"24":1,"25":1,"26":1},"f":{"0":6,"1":3,"2":1,"3":1},"b":{"0":[4,2],"1":[4,0],"2":[4,0],"3":[1,1],"4":[4,2],"5":[1,1]},"_coverageSchema":"1a1c01bbd47fc00a2c39e90264f33305004495a9","hash":"850b22d0777164f90eb6f5c50c05de886bd79090"}
,"/Users/mohamedansardeen/.gemini/antigravity-ide/scratch/community-app/infrastructure/storage/mmkvStorage.ts": {"path":"/Users/mohamedansardeen/.gemini/antigravity-ide/scratch/community-app/infrastructure/storage/mmkvStorage.ts","statementMap":{"0":{"start":{"line":4,"column":39},"end":{"line":4,"column":48}},"1":{"start":{"line":7,"column":4},"end":{"line":9,"column":5}},"2":{"start":{"line":8,"column":6},"end":{"line":8,"column":59}},"3":{"start":{"line":10,"column":4},"end":{"line":10,"column":31}},"4":{"start":{"line":14,"column":4},"end":{"line":16,"column":5}},"5":{"start":{"line":15,"column":6},"end":{"line":15,"column":46}},"6":{"start":{"line":17,"column":4},"end":{"line":17,"column":31}},"7":{"start":{"line":21,"column":4},"end":{"line":23,"column":5}},"8":{"start":{"line":22,"column":6},"end":{"line":22,"column":42}},"9":{"start":{"line":24,"column":4},"end":{"line":24,"column":27}},"10":{"start":{"line":28,"column":23},"end":{"line":28,"column":49}},"11":{"start":{"line":30,"column":31},"end":{"line":41,"column":1}},"12":{"start":{"line":32,"column":4},"end":{"line":32,"column":69}},"13":{"start":{"line":35,"column":16},"end":{"line":35,"column":62}},"14":{"start":{"line":36,"column":4},"end":{"line":36,"column":45}},"15":{"start":{"line":39,"column":4},"end":{"line":39,"column":48}}},"fnMap":{"0":{"name":"(anonymous_0)","decl":{"start":{"line":6,"column":2},"end":{"line":6,"column":3}},"loc":{"start":{"line":6,"column":45},"end":{"line":11,"column":3}},"line":6},"1":{"name":"(anonymous_1)","decl":{"start":{"line":13,"column":2},"end":{"line":13,"column":3}},"loc":{"start":{"line":13,"column":40},"end":{"line":18,"column":3}},"line":13},"2":{"name":"(anonymous_2)","decl":{"start":{"line":20,"column":2},"end":{"line":20,"column":3}},"loc":{"start":{"line":20,"column":28},"end":{"line":25,"column":3}},"line":20},"3":{"name":"(anonymous_3)","decl":{"start":{"line":31,"column":17},"end":{"line":31,"column":18}},"loc":{"start":{"line":31,"column":40},"end":{"line":33,"column":3}},"line":31},"4":{"name":"(anonymous_4)","decl":{"start":{"line":34,"column":17},"end":{"line":34,"column":18}},"loc":{"start":{"line":34,"column":29},"end":{"line":37,"column":3}},"line":34},"5":{"name":"(anonymous_5)","decl":{"start":{"line":38,"column":16},"end":{"line":38,"column":17}},"loc":{"start":{"line":38,"column":28},"end":{"line":40,"column":3}},"line":38}},"branchMap":{"0":{"loc":{"start":{"line":7,"column":4},"end":{"line":9,"column":5}},"type":"if","locations":[{"start":{"line":7,"column":4},"end":{"line":9,"column":5}},{"start":{},"end":{}}],"line":7},"1":{"loc":{"start":{"line":7,"column":8},"end":{"line":7,"column":85}},"type":"binary-expr","locations":[{"start":{"line":7,"column":8},"end":{"line":7,"column":29}},{"start":{"line":7,"column":33},"end":{"line":7,"column":62}},{"start":{"line":7,"column":66},"end":{"line":7,"column":85}}],"line":7},"2":{"loc":{"start":{"line":8,"column":13},"end":{"line":8,"column":58}},"type":"binary-expr","locations":[{"start":{"line":8,"column":13},"end":{"line":8,"column":45}},{"start":{"line":8,"column":49},"end":{"line":8,"column":58}}],"line":8},"3":{"loc":{"start":{"line":14,"column":4},"end":{"line":16,"column":5}},"type":"if","locations":[{"start":{"line":14,"column":4},"end":{"line":16,"column":5}},{"start":{},"end":{}}],"line":14},"4":{"loc":{"start":{"line":14,"column":8},"end":{"line":14,"column":85}},"type":"binary-expr","locations":[{"start":{"line":14,"column":8},"end":{"line":14,"column":29}},{"start":{"line":14,"column":33},"end":{"line":14,"column":62}},{"start":{"line":14,"column":66},"end":{"line":14,"column":85}}],"line":14},"5":{"loc":{"start":{"line":21,"column":4},"end":{"line":23,"column":5}},"type":"if","locations":[{"start":{"line":21,"column":4},"end":{"line":23,"column":5}},{"start":{},"end":{}}],"line":21},"6":{"loc":{"start":{"line":21,"column":8},"end":{"line":21,"column":85}},"type":"binary-expr","locations":[{"start":{"line":21,"column":8},"end":{"line":21,"column":29}},{"start":{"line":21,"column":33},"end":{"line":21,"column":62}},{"start":{"line":21,"column":66},"end":{"line":21,"column":85}}],"line":21},"7":{"loc":{"start":{"line":36,"column":11},"end":{"line":36,"column":44}},"type":"cond-expr","locations":[{"start":{"line":36,"column":17},"end":{"line":36,"column":32}},{"start":{"line":36,"column":35},"end":{"line":36,"column":44}}],"line":36}},"s":{"0":2,"1":6,"2":0,"3":6,"4":4,"5":0,"6":4,"7":14,"8":0,"9":14,"10":2,"11":2,"12":2,"13":3,"14":3,"15":1},"f":{"0":6,"1":4,"2":14,"3":2,"4":3,"5":1},"b":{"0":[0,6],"1":[6,0,0],"2":[0,0],"3":[0,4],"4":[4,0,0],"5":[0,14],"6":[14,0,0],"7":[1,2]},"_coverageSchema":"1a1c01bbd47fc00a2c39e90264f33305004495a9","hash":"da8a56d8333e9eb6946a85d9f10918f773c7bfd8"}
,"/Users/mohamedansardeen/.gemini/antigravity-ide/scratch/community-app/utils/securityStorage.ts": {"path":"/Users/mohamedansardeen/.gemini/antigravity-ide/scratch/community-app/utils/securityStorage.ts","statementMap":{"0":{"start":{"line":4,"column":31},"end":{"line":12,"column":1}},"1":{"start":{"line":5,"column":2},"end":{"line":10,"column":3}},"2":{"start":{"line":6,"column":4},"end":{"line":8,"column":5}},"3":{"start":{"line":7,"column":6},"end":{"line":7,"column":48}},"4":{"start":{"line":9,"column":4},"end":{"line":9,"column":11}},"5":{"start":{"line":11,"column":2},"end":{"line":11,"column":45}},"6":{"start":{"line":14,"column":30},"end":{"line":22,"column":1}},"7":{"start":{"line":15,"column":2},"end":{"line":20,"column":3}},"8":{"start":{"line":16,"column":4},"end":{"line":18,"column":5}},"9":{"start":{"line":17,"column":6},"end":{"line":17,"column":48}},"10":{"start":{"line":19,"column":4},"end":{"line":19,"column":16}},"11":{"start":{"line":21,"column":2},"end":{"line":21,"column":45}},"12":{"start":{"line":24,"column":33},"end":{"line":32,"column":1}},"13":{"start":{"line":25,"column":2},"end":{"line":30,"column":3}},"14":{"start":{"line":26,"column":4},"end":{"line":28,"column":5}},"15":{"start":{"line":27,"column":6},"end":{"line":27,"column":44}},"16":{"start":{"line":29,"column":4},"end":{"line":29,"column":11}},"17":{"start":{"line":31,"column":2},"end":{"line":31,"column":41}}},"fnMap":{"0":{"name":"(anonymous_0)","decl":{"start":{"line":4,"column":31},"end":{"line":4,"column":32}},"loc":{"start":{"line":4,"column":84},"end":{"line":12,"column":1}},"line":4},"1":{"name":"(anonymous_1)","decl":{"start":{"line":14,"column":30},"end":{"line":14,"column":31}},"loc":{"start":{"line":14,"column":77},"end":{"line":22,"column":1}},"line":14},"2":{"name":"(anonymous_2)","decl":{"start":{"line":24,"column":33},"end":{"line":24,"column":34}},"loc":{"start":{"line":24,"column":71},"end":{"line":32,"column":1}},"line":24}},"branchMap":{"0":{"loc":{"start":{"line":5,"column":2},"end":{"line":10,"column":3}},"type":"if","locations":[{"start":{"line":5,"column":2},"end":{"line":10,"column":3}},{"start":{},"end":{}}],"line":5},"1":{"loc":{"start":{"line":6,"column":4},"end":{"line":8,"column":5}},"type":"if","locations":[{"start":{"line":6,"column":4},"end":{"line":8,"column":5}},{"start":{},"end":{}}],"line":6},"2":{"loc":{"start":{"line":6,"column":8},"end":{"line":6,"column":62}},"type":"binary-expr","locations":[{"start":{"line":6,"column":8},"end":{"line":6,"column":37}},{"start":{"line":6,"column":41},"end":{"line":6,"column":62}}],"line":6},"3":{"loc":{"start":{"line":15,"column":2},"end":{"line":20,"column":3}},"type":"if","locations":[{"start":{"line":15,"column":2},"end":{"line":20,"column":3}},{"start":{},"end":{}}],"line":15},"4":{"loc":{"start":{"line":16,"column":4},"end":{"line":18,"column":5}},"type":"if","locations":[{"start":{"line":16,"column":4},"end":{"line":18,"column":5}},{"start":{},"end":{}}],"line":16},"5":{"loc":{"start":{"line":16,"column":8},"end":{"line":16,"column":62}},"type":"binary-expr","locations":[{"start":{"line":16,"column":8},"end":{"line":16,"column":37}},{"start":{"line":16,"column":41},"end":{"line":16,"column":62}}],"line":16},"6":{"loc":{"start":{"line":25,"column":2},"end":{"line":30,"column":3}},"type":"if","locations":[{"start":{"line":25,"column":2},"end":{"line":30,"column":3}},{"start":{},"end":{}}],"line":25},"7":{"loc":{"start":{"line":26,"column":4},"end":{"line":28,"column":5}},"type":"if","locations":[{"start":{"line":26,"column":4},"end":{"line":28,"column":5}},{"start":{},"end":{}}],"line":26},"8":{"loc":{"start":{"line":26,"column":8},"end":{"line":26,"column":62}},"type":"binary-expr","locations":[{"start":{"line":26,"column":8},"end":{"line":26,"column":37}},{"start":{"line":26,"column":41},"end":{"line":26,"column":62}}],"line":26}},"s":{"0":1,"1":2,"2":1,"3":1,"4":1,"5":1,"6":1,"7":2,"8":1,"9":1,"10":0,"11":1,"12":1,"13":2,"14":1,"15":1,"16":1,"17":1},"f":{"0":2,"1":2,"2":2},"b":{"0":[1,1],"1":[1,0],"2":[1,1],"3":[1,1],"4":[1,0],"5":[1,1],"6":[1,1],"7":[1,0],"8":[1,1]},"_coverageSchema":"1a1c01bbd47fc00a2c39e90264f33305004495a9","hash":"3a84ca9ddd71417bede80464c4157e587311c230"}
}
