TN:
SF:application/hooks/useEventsQuery.ts
FN:14,(anonymous_0)
FN:17,(anonymous_1)
FN:22,(anonymous_2)
FN:25,(anonymous_3)
FN:30,(anonymous_4)
FN:33,(anonymous_5)
FN:38,(anonymous_6)
FN:41,(anonymous_7)
FN:46,(anonymous_8)
FN:49,(anonymous_9)
FN:51,(anonymous_10)
FN:58,(anonymous_11)
FN:61,(anonymous_12)
FN:72,(anonymous_13)
FN:79,(anonymous_14)
FN:82,(anonymous_15)
FN:91,(anonymous_16)
FN:94,(anonymous_17)
FN:100,(anonymous_18)
FN:105,(anonymous_19)
FNF:20
FNH:6
FNDA:2,(anonymous_0)
FNDA:1,(anonymous_1)
FNDA:2,(anonymous_2)
FNDA:1,(anonymous_3)
FNDA:2,(anonymous_4)
FNDA:1,(anonymous_5)
FNDA:0,(anonymous_6)
FNDA:0,(anonymous_7)
FNDA:0,(anonymous_8)
FNDA:0,(anonymous_9)
FNDA:0,(anonymous_10)
FNDA:0,(anonymous_11)
FNDA:0,(anonymous_12)
FNDA:0,(anonymous_13)
FNDA:0,(anonymous_14)
FNDA:0,(anonymous_15)
FNDA:0,(anonymous_16)
FNDA:0,(anonymous_17)
FNDA:0,(anonymous_18)
FNDA:0,(anonymous_19)
DA:9,1
DA:10,1
DA:11,1
DA:12,1
DA:14,1
DA:15,2
DA:17,1
DA:22,1
DA:23,2
DA:25,1
DA:30,1
DA:31,2
DA:33,1
DA:38,1
DA:39,0
DA:41,0
DA:46,1
DA:47,0
DA:48,0
DA:50,0
DA:52,0
DA:53,0
DA:58,1
DA:59,0
DA:60,0
DA:71,0
DA:73,0
DA:74,0
DA:79,1
DA:80,0
DA:81,0
DA:90,0
DA:92,0
DA:93,0
DA:94,0
DA:98,0
DA:101,0
DA:102,0
DA:106,0
DA:107,0
DA:108,0
LF:41
LH:17
BRDA:94,0,0,0
BRDA:101,1,0,0
BRDA:101,1,1,0
BRF:3
BRH:0
end_of_record
TN:
SF:application/hooks/useNetworkGuard.ts
FN:5,(anonymous_0)
FN:8,(anonymous_1)
FN:10,(anonymous_2)
FN:11,(anonymous_3)
FN:15,(anonymous_4)
FN:21,(anonymous_5)
FN:24,(anonymous_6)
FN:27,(anonymous_7)
FNF:8
FNH:0
FNDA:0,(anonymous_0)
FNDA:0,(anonymous_1)
FNDA:0,(anonymous_2)
FNDA:0,(anonymous_3)
FNDA:0,(anonymous_4)
FNDA:0,(anonymous_5)
FNDA:0,(anonymous_6)
FNDA:0,(anonymous_7)
DA:5,0
DA:6,0
DA:8,0
DA:9,0
DA:10,0
DA:11,0
DA:12,0
DA:13,0
DA:14,0
DA:15,0
DA:16,0
DA:17,0
DA:21,0
DA:22,0
DA:24,0
DA:27,0
DA:28,0
DA:29,0
DA:30,0
DA:32,0
DA:35,0
LF:21
LH:0
BRDA:9,0,0,0
BRDA:9,0,1,0
BRDA:22,1,0,0
BRDA:22,1,1,0
BRDA:28,2,0,0
BRDA:28,2,1,0
BRF:6
BRH:0
end_of_record
TN:
SF:application/hooks/useRoleGuard.ts
FN:4,(anonymous_0)
FN:5,(anonymous_1)
FN:7,(anonymous_2)
FNF:3
FNH:3
FNDA:3,(anonymous_0)
FNDA:3,(anonymous_1)
FNDA:12,(anonymous_2)
DA:4,1
DA:5,3
DA:7,3
DA:8,12
DA:11,3
LF:5
LH:5
BRF:0
BRH:0
end_of_record
TN:
SF:application/stores/useAuthStore.ts
FN:18,(anonymous_0)
FN:20,(anonymous_1)
FN:21,(anonymous_2)
FN:24,(anonymous_3)
FNF:4
FNH:4
FNDA:1,(anonymous_0)
FNDA:5,(anonymous_1)
FNDA:5,(anonymous_2)
FNDA:1,(anonymous_3)
DA:10,1
DA:18,1
DA:21,5
DA:24,1
LF:4
LH:4
BRF:0
BRH:0
end_of_record
TN:
SF:application/stores/useFilterStore.ts
FN:10,(anonymous_0)
FN:13,(anonymous_1)
FN:14,(anonymous_2)
FNF:3
FNH:3
FNDA:1,(anonymous_0)
FNDA:1,(anonymous_1)
FNDA:1,(anonymous_2)
DA:10,1
DA:13,1
DA:14,1
LF:3
LH:3
BRF:0
BRH:0
end_of_record
TN:
SF:components/EventImage.tsx
FN:14,(anonymous_0)
FNF:1
FNH:0
FNDA:0,(anonymous_0)
DA:12,0
DA:14,0
DA:19,0
DA:21,0
DA:34,0
LF:5
LH:0
BRDA:16,0,0,0
BRDA:17,1,0,0
BRDA:19,2,0,0
BRDA:19,2,1,0
BRF:4
BRH:0
end_of_record
TN:
SF:components/EventList.tsx
FN:23,(anonymous_0)
FN:35,(anonymous_1)
FN:41,(anonymous_2)
FN:119,(anonymous_3)
FN:123,(anonymous_4)
FN:138,(anonymous_5)
FN:145,(anonymous_6)
FN:160,(anonymous_7)
FN:167,(anonymous_8)
FN:187,(anonymous_9)
FN:188,(anonymous_10)
FN:198,(anonymous_11)
FN:199,(anonymous_12)
FNF:13
FNH:0
FNDA:0,(anonymous_0)
FNDA:0,(anonymous_1)
FNDA:0,(anonymous_2)
FNDA:0,(anonymous_3)
FNDA:0,(anonymous_4)
FNDA:0,(anonymous_5)
FNDA:0,(anonymous_6)
FNDA:0,(anonymous_7)
FNDA:0,(anonymous_8)
FNDA:0,(anonymous_9)
FNDA:0,(anonymous_10)
FNDA:0,(anonymous_11)
FNDA:0,(anonymous_12)
DA:23,0
DA:33,0
DA:35,0
DA:36,0
DA:37,0
DA:39,0
DA:41,0
DA:119,0
DA:124,0
DA:125,0
DA:138,0
DA:146,0
DA:147,0
DA:160,0
DA:168,0
DA:169,0
DA:187,0
DA:189,0
DA:190,0
DA:198,0
DA:200,0
DA:201,0
DA:215,0
DA:216,0
DA:228,0
DA:243,0
LF:26
LH:0
BRDA:25,0,0,0
BRDA:28,1,0,0
BRDA:30,2,0,0
BRDA:43,3,0,0
BRDA:43,3,1,0
BRDA:45,4,0,0
BRDA:45,4,1,0
BRDA:55,5,0,0
BRDA:55,5,1,0
BRDA:59,6,0,0
BRDA:59,6,1,0
BRDA:59,7,0,0
BRDA:59,7,1,0
BRDA:62,8,0,0
BRDA:62,8,1,0
BRDA:66,9,0,0
BRDA:66,9,1,0
BRDA:74,10,0,0
BRDA:74,10,1,0
BRDA:121,11,0,0
BRDA:121,11,1,0
BRDA:135,12,0,0
BRDA:135,12,1,0
BRDA:135,12,2,0
BRDA:140,13,0,0
BRDA:140,13,1,0
BRDA:143,14,0,0
BRDA:143,14,1,0
BRDA:152,15,0,0
BRDA:152,15,1,0
BRDA:162,16,0,0
BRDA:162,16,1,0
BRDA:165,17,0,0
BRDA:165,17,1,0
BRDA:174,18,0,0
BRDA:174,18,1,0
BRDA:184,19,0,0
BRDA:184,19,1,0
BRDA:184,19,2,0
BRDA:184,19,3,0
BRDA:187,20,0,0
BRDA:187,20,1,0
BRDA:198,21,0,0
BRDA:198,21,1,0
BRDA:215,22,0,0
BRDA:215,22,1,0
BRDA:234,23,0,0
BRDA:234,23,1,0
BRF:48
BRH:0
end_of_record
TN:
SF:components/FluidAuroraBackground.tsx
FN:8,(anonymous_0)
FNF:1
FNH:0
FNDA:0,(anonymous_0)
DA:6,0
DA:8,0
DA:9,0
DA:11,0
DA:76,0
LF:5
LH:0
BRDA:19,0,0,0
BRDA:19,0,1,0
BRDA:37,1,0,0
BRDA:37,1,1,0
BRDA:55,2,0,0
BRDA:55,2,1,0
BRF:6
BRH:0
end_of_record
TN:
SF:components/LiquidGlassCard.tsx
FN:14,(anonymous_0)
FN:57,(anonymous_1)
FNF:2
FNH:0
FNDA:0,(anonymous_0)
FNDA:0,(anonymous_1)
DA:14,0
DA:21,0
DA:22,0
DA:23,0
DA:26,0
DA:53,0
DA:54,0
DA:57,0
DA:67,0
DA:70,0
LF:10
LH:0
BRDA:23,0,0,0
BRDA:23,0,1,0
BRDA:31,1,0,0
BRDA:31,1,1,0
BRDA:33,2,0,0
BRDA:33,2,1,0
BRDA:34,3,0,0
BRDA:34,3,1,0
BRDA:42,4,0,0
BRDA:42,4,1,0
BRDA:45,5,0,0
BRDA:45,5,1,0
BRDA:53,6,0,0
BRDA:53,6,1,0
BRDA:59,7,0,0
BRDA:59,7,1,0
BRF:16
BRH:0
end_of_record
TN:
SF:components/OfflineBanner.tsx
FN:8,(anonymous_0)
FNF:1
FNH:1
FNDA:2,(anonymous_0)
DA:8,1
DA:9,2
DA:10,2
DA:12,2
DA:14,1
DA:32,1
LF:6
LH:6
BRDA:12,0,0,1
BRDA:12,0,1,1
BRDA:19,1,0,1
BRDA:19,1,1,0
BRF:4
BRH:3
end_of_record
TN:
SF:components/RoleBadge.tsx
FN:13,(anonymous_0)
FNF:1
FNH:1
FNDA:3,(anonymous_0)
DA:13,1
DA:14,3
DA:16,3
DA:17,3
DA:18,3
DA:19,3
DA:21,3
DA:22,1
DA:23,1
DA:24,1
DA:25,1
DA:26,2
DA:27,1
DA:28,1
DA:29,1
DA:30,1
DA:33,3
DA:41,1
LF:18
LH:18
BRDA:13,0,0,3
BRDA:21,1,0,1
BRDA:21,1,1,2
BRDA:26,2,0,1
BRDA:26,2,1,1
BRDA:35,3,0,3
BRDA:35,3,1,3
BRF:7
BRH:7
end_of_record
TN:
SF:components/ThemedText.tsx
FN:15,(anonymous_0)
FNF:1
FNH:1
FNDA:6,(anonymous_0)
DA:15,1
DA:26,6
DA:28,6
DA:29,6
DA:30,0
DA:31,6
DA:32,0
DA:33,6
DA:34,0
DA:37,6
DA:39,6
DA:56,1
LF:12
LH:9
BRDA:18,0,0,4
BRDA:29,1,0,0
BRDA:29,1,1,6
BRDA:31,2,0,0
BRDA:31,2,1,6
BRDA:33,3,0,0
BRDA:33,3,1,6
BRDA:37,4,0,6
BRDA:37,4,1,0
BRDA:45,5,0,6
BRDA:45,5,1,0
BRDA:46,6,0,6
BRDA:46,6,1,0
BRF:13
BRH:7
end_of_record
TN:
SF:context/ThemeContext.tsx
FN:16,(anonymous_0)
FN:20,(anonymous_1)
FN:27,(anonymous_2)
FN:41,(anonymous_3)
FN:49,(anonymous_4)
FNF:5
FNH:1
FNDA:0,(anonymous_0)
FNDA:0,(anonymous_1)
FNDA:0,(anonymous_2)
FNDA:11,(anonymous_3)
FNDA:0,(anonymous_4)
DA:12,1
DA:14,1
DA:16,1
DA:17,0
DA:18,0
DA:20,0
DA:21,0
DA:22,0
DA:23,0
DA:27,0
DA:28,0
DA:29,0
DA:32,0
DA:34,0
DA:41,1
DA:42,11
DA:43,11
DA:45,11
DA:46,11
DA:52,0
LF:20
LH:8
BRDA:22,0,0,0
BRDA:22,0,1,0
BRDA:22,1,0,0
BRDA:22,1,1,0
BRDA:22,1,2,0
BRDA:22,1,3,0
BRDA:43,2,0,11
BRDA:43,2,1,0
BRF:8
BRH:1
end_of_record
TN:
SF:domain/models/Event.ts
FNF:0
FNH:0
DA:6,3
DA:25,3
LF:2
LH:2
BRF:0
BRH:0
end_of_record
TN:
SF:domain/models/User.ts
FN:15,(anonymous_0)
FNF:1
FNH:1
FNDA:26,(anonymous_0)
DA:5,5
DA:15,5
DA:16,26
DA:21,26
LF:4
LH:4
BRF:0
BRH:0
end_of_record
TN:
SF:domain/repositories/IAuthRepository.ts
FNF:0
FNH:0
LF:0
LH:0
BRF:0
BRH:0
end_of_record
TN:
SF:domain/repositories/IEventRepository.ts
FNF:0
FNH:0
LF:0
LH:0
BRF:0
BRH:0
end_of_record
TN:
SF:domain/repositories/IUserRepository.ts
FNF:0
FNH:0
LF:0
LH:0
BRF:0
BRH:0
end_of_record
TN:
SF:domain/usecases/CreateEventUseCase.ts
FN:6,(anonymous_0)
FN:8,(anonymous_1)
FNF:2
FNH:2
FNDA:4,(anonymous_0)
FNDA:3,(anonymous_1)
DA:10,3
DA:14,2
DA:17,2
DA:19,2
DA:20,1
DA:21,1
DA:24,2
LF:7
LH:7
BRDA:19,0,0,1
BRDA:19,0,1,1
BRF:2
BRH:2
end_of_record
TN:
SF:domain/usecases/ModerateEventUseCase.ts
FN:6,(anonymous_0)
FN:8,(anonymous_1)
FNF:2
FNH:2
FNDA:4,(anonymous_0)
FNDA:3,(anonymous_1)
DA:10,3
DA:11,1
DA:14,2
LF:3
LH:3
BRDA:10,0,0,1
BRDA:10,0,1,2
BRF:2
BRH:2
end_of_record
TN:
SF:domain/usecases/RsvpEventUseCase.ts
FN:5,(anonymous_0)
FN:7,(anonymous_1)
FNF:2
FNH:2
FNDA:5,(anonymous_0)
FNDA:6,(anonymous_1)
DA:8,6
DA:9,2
DA:12,4
LF:3
LH:3
BRDA:8,0,0,2
BRDA:8,0,1,4
BRDA:8,1,0,6
BRDA:8,1,1,5
BRF:4
BRH:4
end_of_record
TN:
SF:infrastructure/factory/RepositoryFactory.ts
FN:8,(anonymous_0)
FNF:1
FNH:1
FNDA:4,(anonymous_0)
DA:6,2
DA:9,4
DA:10,2
DA:11,2
DA:12,0
DA:14,2
DA:17,4
DA:21,2
LF:8
LH:7
BRDA:9,0,0,2
BRDA:9,0,1,2
BRDA:10,1,0,2
BRDA:10,1,1,2
BRDA:11,2,0,0
BRDA:11,2,1,2
BRF:6
BRH:5
end_of_record
TN:
SF:infrastructure/repositories/FirebaseEventRepository.ts
FN:21,(anonymous_0)
FN:25,(anonymous_1)
FN:28,(anonymous_2)
FN:33,(anonymous_3)
FN:43,(anonymous_4)
FN:46,(anonymous_5)
FN:49,(anonymous_6)
FN:56,(anonymous_7)
FN:71,(anonymous_8)
FN:80,(anonymous_9)
FN:97,(anonymous_10)
FN:101,(anonymous_11)
FNF:12
FNH:0
FNDA:0,(anonymous_0)
FNDA:0,(anonymous_1)
FNDA:0,(anonymous_2)
FNDA:0,(anonymous_3)
FNDA:0,(anonymous_4)
FNDA:0,(anonymous_5)
FNDA:0,(anonymous_6)
FNDA:0,(anonymous_7)
FNDA:0,(anonymous_8)
FNDA:0,(anonymous_9)
FNDA:0,(anonymous_10)
FNDA:0,(anonymous_11)
DA:18,0
DA:19,0
DA:22,0
DA:23,0
DA:24,0
DA:25,0
DA:27,0
DA:28,0
DA:30,0
DA:31,0
DA:32,0
DA:33,0
DA:36,0
DA:38,0
DA:39,0
DA:44,0
DA:45,0
DA:46,0
DA:50,0
DA:51,0
DA:52,0
DA:53,0
DA:57,0
DA:67,0
DA:68,0
DA:72,0
DA:73,0
DA:81,0
DA:87,0
DA:88,0
DA:98,0
DA:99,0
DA:100,0
DA:101,0
DA:102,0
DA:103,0
DA:105,0
LF:37
LH:0
BRDA:27,0,0,0
BRDA:27,0,1,0
BRDA:27,1,0,0
BRDA:27,1,1,0
BRDA:30,2,0,0
BRDA:30,2,1,0
BRDA:30,3,0,0
BRDA:30,3,1,0
BRDA:33,4,0,0
BRDA:33,4,1,0
BRDA:52,5,0,0
BRDA:52,5,1,0
BRF:12
BRH:0
end_of_record
TN:
SF:infrastructure/repositories/MockEventRepository.ts
FN:87,(anonymous_0)
FN:90,(anonymous_1)
FN:91,(anonymous_2)
FN:92,(anonymous_3)
FN:103,(anonymous_4)
FN:104,(anonymous_5)
FN:105,(anonymous_6)
FN:108,(anonymous_7)
FN:109,(anonymous_8)
FN:113,(anonymous_9)
FN:129,(anonymous_10)
FN:130,(anonymous_11)
FN:138,(anonymous_12)
FN:139,(anonymous_13)
FN:172,(anonymous_14)
FNF:15
FNH:15
FNDA:92,(anonymous_0)
FNDA:8,(anonymous_1)
FNDA:8,(anonymous_2)
FNDA:32,(anonymous_3)
FNDA:2,(anonymous_4)
FNDA:2,(anonymous_5)
FNDA:8,(anonymous_6)
FNDA:14,(anonymous_7)
FNDA:35,(anonymous_8)
FNDA:3,(anonymous_9)
FNDA:4,(anonymous_10)
FNDA:13,(anonymous_11)
FNDA:7,(anonymous_12)
FNDA:7,(anonymous_13)
FNDA:3,(anonymous_14)
DA:4,6
DA:87,92
DA:88,23
DA:91,8
DA:92,8
DA:93,32
DA:94,24
DA:95,18
DA:96,9
DA:97,9
DA:99,9
DA:104,2
DA:105,8
DA:109,35
DA:110,14
DA:114,3
DA:125,3
DA:126,3
DA:130,13
DA:131,4
DA:132,4
DA:133,4
DA:134,4
DA:139,7
DA:140,7
DA:141,5
DA:144,7
DA:145,7
DA:147,7
DA:148,7
DA:149,5
DA:150,5
DA:151,1
DA:152,2
DA:153,2
DA:154,0
DA:155,0
DA:157,2
DA:158,2
DA:163,7
DA:173,3
LF:41
LH:39
BRDA:93,0,0,8
BRDA:93,0,1,24
BRDA:94,1,0,6
BRDA:94,1,1,18
BRDA:94,2,0,24
BRDA:94,2,1,18
BRDA:94,2,2,9
BRDA:95,3,0,9
BRDA:95,3,1,9
BRDA:95,4,0,18
BRDA:95,4,1,9
BRDA:97,5,0,9
BRDA:97,5,1,8
BRDA:110,6,0,13
BRDA:110,6,1,1
BRDA:131,7,0,4
BRDA:131,7,1,0
BRDA:140,8,0,5
BRDA:140,8,1,2
BRDA:147,9,0,7
BRDA:147,9,1,0
BRDA:148,10,0,5
BRDA:148,10,1,2
BRDA:150,11,0,4
BRDA:150,11,1,1
BRDA:152,12,0,2
BRDA:152,12,1,0
BRDA:153,13,0,0
BRDA:153,13,1,2
BRDA:173,14,0,3
BRDA:173,14,1,0
BRF:31
BRH:26
end_of_record
TN:
SF:infrastructure/services/whatsappService.ts
FN:5,(anonymous_0)
FN:32,(anonymous_1)
FN:54,(anonymous_2)
FN:56,(anonymous_3)
FNF:4
FNH:4
FNDA:6,(anonymous_0)
FNDA:3,(anonymous_1)
FNDA:1,(anonymous_2)
FNDA:1,(anonymous_3)
DA:6,6
DA:7,6
DA:9,6
DA:10,4
DA:11,2
DA:12,1
DA:14,1
DA:17,6
DA:33,3
DA:34,3
DA:35,3
DA:36,3
DA:38,3
DA:39,3
DA:40,2
DA:41,1
DA:42,1
DA:44,1
DA:45,1
DA:48,1
DA:49,1
DA:50,1
DA:56,1
DA:57,1
DA:58,1
DA:62,1
LF:26
LH:26
BRDA:9,0,0,4
BRDA:9,0,1,2
BRDA:10,1,0,4
BRDA:10,1,1,0
BRDA:10,2,0,4
BRDA:10,2,1,0
BRDA:11,3,0,1
BRDA:11,3,1,1
BRDA:26,4,0,4
BRDA:26,4,1,2
BRDA:40,5,0,1
BRDA:40,5,1,1
BRF:12
BRH:10
end_of_record
TN:
SF:infrastructure/storage/mmkvStorage.ts
FN:6,(anonymous_0)
FN:13,(anonymous_1)
FN:20,(anonymous_2)
FN:31,(anonymous_3)
FN:34,(anonymous_4)
FN:38,(anonymous_5)
FNF:6
FNH:6
FNDA:6,(anonymous_0)
FNDA:4,(anonymous_1)
FNDA:14,(anonymous_2)
FNDA:2,(anonymous_3)
FNDA:3,(anonymous_4)
FNDA:1,(anonymous_5)
DA:4,2
DA:7,6
DA:8,0
DA:10,6
DA:14,4
DA:15,0
DA:17,4
DA:21,14
DA:22,0
DA:24,14
DA:28,2
DA:30,2
DA:32,2
DA:35,3
DA:36,3
DA:39,1
LF:16
LH:13
BRDA:7,0,0,0
BRDA:7,0,1,6
BRDA:7,1,0,6
BRDA:7,1,1,0
BRDA:7,1,2,0
BRDA:8,2,0,0
BRDA:8,2,1,0
BRDA:14,3,0,0
BRDA:14,3,1,4
BRDA:14,4,0,4
BRDA:14,4,1,0
BRDA:14,4,2,0
BRDA:21,5,0,0
BRDA:21,5,1,14
BRDA:21,6,0,14
BRDA:21,6,1,0
BRDA:21,6,2,0
BRDA:36,7,0,1
BRDA:36,7,1,2
BRF:19
BRH:8
end_of_record
TN:
SF:utils/securityStorage.ts
FN:4,(anonymous_0)
FN:14,(anonymous_1)
FN:24,(anonymous_2)
FNF:3
FNH:3
FNDA:2,(anonymous_0)
FNDA:2,(anonymous_1)
FNDA:2,(anonymous_2)
DA:4,1
DA:5,2
DA:6,1
DA:7,1
DA:9,1
DA:11,1
DA:14,1
DA:15,2
DA:16,1
DA:17,1
DA:19,0
DA:21,1
DA:24,1
DA:25,2
DA:26,1
DA:27,1
DA:29,1
DA:31,1
LF:18
LH:17
BRDA:5,0,0,1
BRDA:5,0,1,1
BRDA:6,1,0,1
BRDA:6,1,1,0
BRDA:6,2,0,1
BRDA:6,2,1,1
BRDA:15,3,0,1
BRDA:15,3,1,1
BRDA:16,4,0,1
BRDA:16,4,1,0
BRDA:16,5,0,1
BRDA:16,5,1,1
BRDA:25,6,0,1
BRDA:25,6,1,1
BRDA:26,7,0,1
BRDA:26,7,1,0
BRDA:26,8,0,1
BRDA:26,8,1,1
BRF:18
BRH:15
end_of_record
